2025-01-05 19:02:24,680 - INFO - MT5 ishga tushdi
2025-01-05 19:02:25,005 - INFO - Successfully loaded 8640 bars of historical data
2025-01-05 19:02:25,140 - INFO - Starting episode 1
2025-01-05 19:02:25,145 - ERROR - Error in episode 1: HistoricalTrader.execute_trade() takes 2 positional arguments but 3 were given
2025-01-05 19:02:25,150 - INFO - Starting episode 2
2025-01-05 19:02:25,155 - ERROR - Error in episode 2: HistoricalTrader.execute_trade() takes 2 positional arguments but 3 were given
2025-01-05 19:02:25,155 - INFO - Starting episode 3
2025-01-05 19:02:25,155 - ERROR - Error in episode 3: HistoricalTrader.execute_trade() takes 2 positional arguments but 3 were given
2025-01-05 19:02:25,155 - INFO - Starting episode 4
2025-01-05 19:02:25,168 - ERROR - Error in episode 4: HistoricalTrader.execute_trade() takes 2 positional arguments but 3 were given
2025-01-05 19:02:25,168 - INFO - Starting episode 5
2025-01-05 19:02:25,175 - ERROR - Error in episode 5: HistoricalTrader.execute_trade() takes 2 positional arguments but 3 were given
2025-01-05 19:02:25,175 - INFO - Starting episode 6
2025-01-05 19:02:25,175 - ERROR - Error in episode 6: HistoricalTrader.execute_trade() takes 2 positional arguments but 3 were given
2025-01-05 19:02:25,175 - INFO - Starting episode 7
2025-01-05 19:02:25,185 - ERROR - Error in episode 7: HistoricalTrader.execute_trade() takes 2 positional arguments but 3 were given
2025-01-05 19:02:25,185 - INFO - Starting episode 8
2025-01-05 19:02:25,195 - ERROR - Error in episode 8: HistoricalTrader.execute_trade() takes 2 positional arguments but 3 were given
2025-01-05 19:02:25,195 - INFO - Starting episode 9
2025-01-05 19:02:25,201 - ERROR - Error in episode 9: HistoricalTrader.execute_trade() takes 2 positional arguments but 3 were given
2025-01-05 19:02:25,201 - INFO - Starting episode 10
2025-01-05 19:02:25,205 - ERROR - Error in episode 10: HistoricalTrader.execute_trade() takes 2 positional arguments but 3 were given
2025-01-05 19:02:25,205 - INFO - Starting episode 11
2025-01-05 19:02:25,205 - ERROR - Error in episode 11: HistoricalTrader.execute_trade() takes 2 positional arguments but 3 were given
2025-01-05 19:02:25,215 - INFO - Starting episode 12
2025-01-05 19:02:25,215 - ERROR - Error in episode 12: HistoricalTrader.execute_trade() takes 2 positional arguments but 3 were given
2025-01-05 19:02:25,215 - INFO - Starting episode 13
2025-01-05 19:02:25,225 - ERROR - Error in episode 13: HistoricalTrader.execute_trade() takes 2 positional arguments but 3 were given
2025-01-05 19:02:25,225 - INFO - Starting episode 14
2025-01-05 19:02:25,235 - ERROR - Error in episode 14: HistoricalTrader.execute_trade() takes 2 positional arguments but 3 were given
2025-01-05 19:02:25,235 - INFO - Starting episode 15
2025-01-05 19:02:25,240 - ERROR - Error in episode 15: HistoricalTrader.execute_trade() takes 2 positional arguments but 3 were given
2025-01-05 19:02:25,240 - INFO - Starting episode 16
2025-01-05 19:02:25,247 - ERROR - Error in episode 16: HistoricalTrader.execute_trade() takes 2 positional arguments but 3 were given
2025-01-05 19:02:25,247 - INFO - Starting episode 17
2025-01-05 19:02:25,247 - ERROR - Error in episode 17: HistoricalTrader.execute_trade() takes 2 positional arguments but 3 were given
2025-01-05 19:02:25,247 - INFO - Starting episode 18
2025-01-05 19:02:25,260 - ERROR - Error in episode 18: HistoricalTrader.execute_trade() takes 2 positional arguments but 3 were given
2025-01-05 19:02:25,260 - INFO - Starting episode 19
2025-01-05 19:02:25,265 - ERROR - Error in episode 19: HistoricalTrader.execute_trade() takes 2 positional arguments but 3 were given
2025-01-05 19:02:25,265 - INFO - Starting episode 20
2025-01-05 19:02:25,265 - ERROR - Error in episode 20: HistoricalTrader.execute_trade() takes 2 positional arguments but 3 were given
2025-01-05 19:02:25,265 - INFO - Starting episode 21
2025-01-05 19:02:25,279 - ERROR - Error in episode 21: HistoricalTrader.execute_trade() takes 2 positional arguments but 3 were given
2025-01-05 19:02:25,279 - INFO - Starting episode 22
2025-01-05 19:02:25,285 - ERROR - Error in episode 22: HistoricalTrader.execute_trade() takes 2 positional arguments but 3 were given
2025-01-05 19:02:25,285 - INFO - Starting episode 23
2025-01-05 19:02:25,285 - ERROR - Error in episode 23: HistoricalTrader.execute_trade() takes 2 positional arguments but 3 were given
2025-01-05 19:02:25,285 - INFO - Starting episode 24
2025-01-05 19:02:25,295 - ERROR - Error in episode 24: HistoricalTrader.execute_trade() takes 2 positional arguments but 3 were given
2025-01-05 19:02:25,295 - INFO - Starting episode 25
2025-01-05 19:02:25,301 - ERROR - Error in episode 25: HistoricalTrader.execute_trade() takes 2 positional arguments but 3 were given
2025-01-05 19:02:25,301 - INFO - Starting episode 26
2025-01-05 19:02:25,310 - ERROR - Error in episode 26: HistoricalTrader.execute_trade() takes 2 positional arguments but 3 were given
2025-01-05 19:02:25,311 - INFO - Starting episode 27
2025-01-05 19:02:25,315 - ERROR - Error in episode 27: HistoricalTrader.execute_trade() takes 2 positional arguments but 3 were given
2025-01-05 19:02:25,315 - INFO - Starting episode 28
2025-01-05 19:02:25,315 - ERROR - Error in episode 28: HistoricalTrader.execute_trade() takes 2 positional arguments but 3 were given
2025-01-05 19:02:25,315 - INFO - Starting episode 29
2025-01-05 19:02:25,327 - ERROR - Error in episode 29: HistoricalTrader.execute_trade() takes 2 positional arguments but 3 were given
2025-01-05 19:02:25,327 - INFO - Starting episode 30
2025-01-05 19:02:25,335 - ERROR - Error in episode 30: HistoricalTrader.execute_trade() takes 2 positional arguments but 3 were given
2025-01-05 19:02:25,335 - INFO - Starting episode 31
2025-01-05 19:02:25,335 - ERROR - Error in episode 31: HistoricalTrader.execute_trade() takes 2 positional arguments but 3 were given
2025-01-05 19:02:25,335 - INFO - Starting episode 32
2025-01-05 19:02:25,345 - ERROR - Error in episode 32: HistoricalTrader.execute_trade() takes 2 positional arguments but 3 were given
2025-01-05 19:02:25,345 - INFO - Starting episode 33
2025-01-05 19:02:25,355 - ERROR - Error in episode 33: HistoricalTrader.execute_trade() takes 2 positional arguments but 3 were given
2025-01-05 19:02:25,355 - INFO - Starting episode 34
2025-01-05 19:02:25,359 - ERROR - Error in episode 34: HistoricalTrader.execute_trade() takes 2 positional arguments but 3 were given
2025-01-05 19:02:25,359 - INFO - Starting episode 35
2025-01-05 19:02:25,365 - ERROR - Error in episode 35: HistoricalTrader.execute_trade() takes 2 positional arguments but 3 were given
2025-01-05 19:02:25,365 - INFO - Starting episode 36
2025-01-05 19:02:25,365 - ERROR - Error in episode 36: HistoricalTrader.execute_trade() takes 2 positional arguments but 3 were given
2025-01-05 19:02:25,365 - INFO - Starting episode 37
2025-01-05 19:02:25,380 - ERROR - Error in episode 37: HistoricalTrader.execute_trade() takes 2 positional arguments but 3 were given
2025-01-05 19:02:25,380 - INFO - Starting episode 38
2025-01-05 19:02:25,385 - ERROR - Error in episode 38: HistoricalTrader.execute_trade() takes 2 positional arguments but 3 were given
2025-01-05 19:02:25,385 - INFO - Starting episode 39
2025-01-05 19:02:25,391 - ERROR - Error in episode 39: HistoricalTrader.execute_trade() takes 2 positional arguments but 3 were given
2025-01-05 19:02:25,391 - INFO - Starting episode 40
2025-01-05 19:02:25,395 - ERROR - Error in episode 40: HistoricalTrader.execute_trade() takes 2 positional arguments but 3 were given
2025-01-05 19:02:25,395 - INFO - Starting episode 41
2025-01-05 19:02:25,405 - ERROR - Error in episode 41: HistoricalTrader.execute_trade() takes 2 positional arguments but 3 were given
2025-01-05 19:02:25,405 - INFO - Starting episode 42
2025-01-05 19:02:25,407 - ERROR - Error in episode 42: HistoricalTrader.execute_trade() takes 2 positional arguments but 3 were given
2025-01-05 19:02:25,407 - INFO - Starting episode 43
2025-01-05 19:02:25,415 - ERROR - Error in episode 43: HistoricalTrader.execute_trade() takes 2 positional arguments but 3 were given
2025-01-05 19:02:25,415 - INFO - Starting episode 44
2025-01-05 19:02:25,423 - ERROR - Error in episode 44: HistoricalTrader.execute_trade() takes 2 positional arguments but 3 were given
2025-01-05 19:02:25,423 - INFO - Starting episode 45
2025-01-05 19:02:25,430 - ERROR - Error in episode 45: HistoricalTrader.execute_trade() takes 2 positional arguments but 3 were given
2025-01-05 19:02:25,430 - INFO - Starting episode 46
2025-01-05 19:02:25,435 - ERROR - Error in episode 46: HistoricalTrader.execute_trade() takes 2 positional arguments but 3 were given
2025-01-05 19:02:25,435 - INFO - Starting episode 47
2025-01-05 19:02:25,439 - ERROR - Error in episode 47: HistoricalTrader.execute_trade() takes 2 positional arguments but 3 were given
2025-01-05 19:02:25,439 - INFO - Starting episode 48
2025-01-05 19:02:25,445 - ERROR - Error in episode 48: HistoricalTrader.execute_trade() takes 2 positional arguments but 3 were given
2025-01-05 19:02:25,445 - INFO - Starting episode 49
2025-01-05 19:02:25,445 - ERROR - Error in episode 49: HistoricalTrader.execute_trade() takes 2 positional arguments but 3 were given
2025-01-05 19:02:25,445 - INFO - Starting episode 50
2025-01-05 19:02:25,455 - ERROR - Error in episode 50: HistoricalTrader.execute_trade() takes 2 positional arguments but 3 were given
2025-01-05 19:02:25,455 - INFO - Starting episode 51
2025-01-05 19:02:25,465 - ERROR - Error in episode 51: HistoricalTrader.execute_trade() takes 2 positional arguments but 3 were given
2025-01-05 19:02:25,465 - INFO - Starting episode 52
2025-01-05 19:02:25,471 - ERROR - Error in episode 52: HistoricalTrader.execute_trade() takes 2 positional arguments but 3 were given
2025-01-05 19:02:25,471 - INFO - Starting episode 53
2025-01-05 19:02:25,480 - ERROR - Error in episode 53: HistoricalTrader.execute_trade() takes 2 positional arguments but 3 were given
2025-01-05 19:02:25,480 - INFO - Starting episode 54
2025-01-05 19:02:25,487 - ERROR - Error in episode 54: HistoricalTrader.execute_trade() takes 2 positional arguments but 3 were given
2025-01-05 19:02:25,487 - INFO - Starting episode 55
2025-01-05 19:02:25,487 - ERROR - Error in episode 55: HistoricalTrader.execute_trade() takes 2 positional arguments but 3 were given
2025-01-05 19:02:25,487 - INFO - Starting episode 56
2025-01-05 19:02:25,500 - ERROR - Error in episode 56: HistoricalTrader.execute_trade() takes 2 positional arguments but 3 were given
2025-01-05 19:02:25,500 - INFO - Starting episode 57
2025-01-05 19:02:25,505 - ERROR - Error in episode 57: HistoricalTrader.execute_trade() takes 2 positional arguments but 3 were given
2025-01-05 19:02:25,505 - INFO - Starting episode 58
2025-01-05 19:02:25,505 - ERROR - Error in episode 58: HistoricalTrader.execute_trade() takes 2 positional arguments but 3 were given
2025-01-05 19:02:25,505 - INFO - Starting episode 59
2025-01-05 19:02:25,515 - ERROR - Error in episode 59: HistoricalTrader.execute_trade() takes 2 positional arguments but 3 were given
2025-01-05 19:02:25,515 - INFO - Starting episode 60
2025-01-05 19:02:25,519 - ERROR - Error in episode 60: HistoricalTrader.execute_trade() takes 2 positional arguments but 3 were given
2025-01-05 19:02:25,519 - INFO - Starting episode 61
2025-01-05 19:02:25,530 - ERROR - Error in episode 61: HistoricalTrader.execute_trade() takes 2 positional arguments but 3 were given
2025-01-05 19:02:25,530 - INFO - Starting episode 62
2025-01-05 19:02:25,535 - ERROR - Error in episode 62: HistoricalTrader.execute_trade() takes 2 positional arguments but 3 were given
2025-01-05 19:02:25,535 - INFO - Starting episode 63
2025-01-05 19:02:25,535 - ERROR - Error in episode 63: HistoricalTrader.execute_trade() takes 2 positional arguments but 3 were given
2025-01-05 19:02:25,535 - INFO - Starting episode 64
2025-01-05 19:02:25,545 - ERROR - Error in episode 64: HistoricalTrader.execute_trade() takes 2 positional arguments but 3 were given
2025-01-05 19:02:25,545 - INFO - Starting episode 65
2025-01-05 19:02:25,555 - ERROR - Error in episode 65: HistoricalTrader.execute_trade() takes 2 positional arguments but 3 were given
2025-01-05 19:02:25,555 - INFO - Starting episode 66
2025-01-05 19:02:25,555 - ERROR - Error in episode 66: HistoricalTrader.execute_trade() takes 2 positional arguments but 3 were given
2025-01-05 19:02:25,555 - INFO - Starting episode 67
2025-01-05 19:02:25,567 - ERROR - Error in episode 67: HistoricalTrader.execute_trade() takes 2 positional arguments but 3 were given
2025-01-05 19:02:25,567 - INFO - Starting episode 68
2025-01-05 19:02:25,567 - ERROR - Error in episode 68: HistoricalTrader.execute_trade() takes 2 positional arguments but 3 were given
2025-01-05 19:02:25,567 - INFO - Starting episode 69
2025-01-05 19:02:25,580 - ERROR - Error in episode 69: HistoricalTrader.execute_trade() takes 2 positional arguments but 3 were given
2025-01-05 19:02:25,580 - INFO - Starting episode 70
2025-01-05 19:02:25,585 - ERROR - Error in episode 70: HistoricalTrader.execute_trade() takes 2 positional arguments but 3 were given
2025-01-05 19:02:25,585 - INFO - Starting episode 71
2025-01-05 19:02:25,585 - ERROR - Error in episode 71: HistoricalTrader.execute_trade() takes 2 positional arguments but 3 were given
2025-01-05 19:02:25,585 - INFO - Starting episode 72
2025-01-05 19:02:25,599 - ERROR - Error in episode 72: HistoricalTrader.execute_trade() takes 2 positional arguments but 3 were given
2025-01-05 19:02:25,599 - INFO - Starting episode 73
2025-01-05 19:02:25,605 - ERROR - Error in episode 73: HistoricalTrader.execute_trade() takes 2 positional arguments but 3 were given
2025-01-05 19:02:25,605 - INFO - Starting episode 74
2025-01-05 19:02:25,605 - ERROR - Error in episode 74: HistoricalTrader.execute_trade() takes 2 positional arguments but 3 were given
2025-01-05 19:02:25,605 - INFO - Starting episode 75
2025-01-05 19:02:25,615 - ERROR - Error in episode 75: HistoricalTrader.execute_trade() takes 2 positional arguments but 3 were given
2025-01-05 19:02:25,615 - INFO - Starting episode 76
2025-01-05 19:02:25,615 - ERROR - Error in episode 76: HistoricalTrader.execute_trade() takes 2 positional arguments but 3 were given
2025-01-05 19:02:25,615 - INFO - Starting episode 77
2025-01-05 19:02:25,630 - ERROR - Error in episode 77: HistoricalTrader.execute_trade() takes 2 positional arguments but 3 were given
2025-01-05 19:02:25,630 - INFO - Starting episode 78
2025-01-05 19:02:25,635 - ERROR - Error in episode 78: HistoricalTrader.execute_trade() takes 2 positional arguments but 3 were given
2025-01-05 19:02:25,635 - INFO - Starting episode 79
2025-01-05 19:02:25,635 - ERROR - Error in episode 79: HistoricalTrader.execute_trade() takes 2 positional arguments but 3 were given
2025-01-05 19:02:25,635 - INFO - Starting episode 80
2025-01-05 19:02:25,646 - ERROR - Error in episode 80: HistoricalTrader.execute_trade() takes 2 positional arguments but 3 were given
2025-01-05 19:02:25,646 - INFO - Starting episode 81
2025-01-05 19:02:25,655 - ERROR - Error in episode 81: HistoricalTrader.execute_trade() takes 2 positional arguments but 3 were given
2025-01-05 19:02:25,655 - INFO - Starting episode 82
2025-01-05 19:02:25,662 - ERROR - Error in episode 82: HistoricalTrader.execute_trade() takes 2 positional arguments but 3 were given
2025-01-05 19:02:25,662 - INFO - Starting episode 83
2025-01-05 19:02:25,665 - ERROR - Error in episode 83: HistoricalTrader.execute_trade() takes 2 positional arguments but 3 were given
2025-01-05 19:02:25,665 - INFO - Starting episode 84
2025-01-05 19:02:25,675 - ERROR - Error in episode 84: HistoricalTrader.execute_trade() takes 2 positional arguments but 3 were given
2025-01-05 19:02:25,675 - INFO - Starting episode 85
2025-01-05 19:02:25,678 - ERROR - Error in episode 85: HistoricalTrader.execute_trade() takes 2 positional arguments but 3 were given
2025-01-05 19:02:25,678 - INFO - Starting episode 86
2025-01-05 19:02:25,685 - ERROR - Error in episode 86: HistoricalTrader.execute_trade() takes 2 positional arguments but 3 were given
2025-01-05 19:02:25,685 - INFO - Starting episode 87
2025-01-05 19:02:25,694 - ERROR - Error in episode 87: HistoricalTrader.execute_trade() takes 2 positional arguments but 3 were given
2025-01-05 19:02:25,694 - INFO - Starting episode 88
2025-01-05 19:02:25,700 - ERROR - Error in episode 88: HistoricalTrader.execute_trade() takes 2 positional arguments but 3 were given
2025-01-05 19:02:25,700 - INFO - Starting episode 89
2025-01-05 19:02:25,705 - ERROR - Error in episode 89: HistoricalTrader.execute_trade() takes 2 positional arguments but 3 were given
2025-01-05 19:02:25,705 - INFO - Starting episode 90
2025-01-05 19:02:25,710 - ERROR - Error in episode 90: HistoricalTrader.execute_trade() takes 2 positional arguments but 3 were given
2025-01-05 19:02:25,710 - INFO - Starting episode 91
2025-01-05 19:02:25,720 - ERROR - Error in episode 91: HistoricalTrader.execute_trade() takes 2 positional arguments but 3 were given
2025-01-05 19:02:25,720 - INFO - Starting episode 92
2025-01-05 19:02:25,726 - ERROR - Error in episode 92: HistoricalTrader.execute_trade() takes 2 positional arguments but 3 were given
2025-01-05 19:02:25,726 - INFO - Starting episode 93
2025-01-05 19:02:25,726 - ERROR - Error in episode 93: HistoricalTrader.execute_trade() takes 2 positional arguments but 3 were given
2025-01-05 19:02:25,726 - INFO - Starting episode 94
2025-01-05 19:02:25,735 - ERROR - Error in episode 94: HistoricalTrader.execute_trade() takes 2 positional arguments but 3 were given
2025-01-05 19:02:25,735 - INFO - Starting episode 95
2025-01-05 19:02:25,745 - ERROR - Error in episode 95: HistoricalTrader.execute_trade() takes 2 positional arguments but 3 were given
2025-01-05 19:02:25,745 - INFO - Starting episode 96
2025-01-05 19:02:25,745 - ERROR - Error in episode 96: HistoricalTrader.execute_trade() takes 2 positional arguments but 3 were given
2025-01-05 19:02:25,745 - INFO - Starting episode 97
2025-01-05 19:02:25,758 - ERROR - Error in episode 97: HistoricalTrader.execute_trade() takes 2 positional arguments but 3 were given
2025-01-05 19:02:25,758 - INFO - Starting episode 98
2025-01-05 19:02:25,765 - ERROR - Error in episode 98: HistoricalTrader.execute_trade() takes 2 positional arguments but 3 were given
2025-01-05 19:02:25,765 - INFO - Starting episode 99
2025-01-05 19:02:25,770 - ERROR - Error in episode 99: HistoricalTrader.execute_trade() takes 2 positional arguments but 3 were given
2025-01-05 19:02:25,770 - INFO - Starting episode 100
2025-01-05 19:02:25,775 - ERROR - Error in episode 100: HistoricalTrader.execute_trade() takes 2 positional arguments but 3 were given
2025-01-05 19:02:25,835 - INFO - Dastur yakunlandi
==================================================

