2025-01-05 18:27:37,433 - INFO - MT5 ishga tushdi
2025-01-05 18:27:37,734 - INFO - Successfully loaded 8640 bars of historical data
2025-01-05 18:27:37,873 - INFO - Starting episode 1
2025-01-05 18:27:37,873 - INFO - Opening sell order: Strategy=Breakout, Volume=0.10, Price=1.07927, TP=1.07912, SL=1.07942
2025-01-05 18:27:37,873 - ERROR - Error in episode 1: 'HistoricalTrader' object has no attribute '_update_model_memory'
2025-01-05 18:27:37,873 - INFO - Starting episode 2
2025-01-05 18:27:37,893 - INFO - Opening buy order: Strategy=Breakout, Volume=0.10, Price=1.07907, TP=1.07922, SL=1.07892
2025-01-05 18:27:37,893 - ERROR - Error in episode 2: 'HistoricalTrader' object has no attribute '_update_model_memory'
2025-01-05 18:27:37,893 - INFO - Starting episode 3
2025-01-05 18:27:37,916 - INFO - Opening sell order: Strategy=Breakout, Volume=0.10, Price=1.08062, TP=1.08047, SL=1.08077
2025-01-05 18:27:37,916 - ERROR - Error in episode 3: 'HistoricalTrader' object has no attribute '_update_model_memory'
2025-01-05 18:27:37,916 - INFO - Starting episode 4
2025-01-05 18:27:37,943 - INFO - Opening sell order: Strategy=Breakout, Volume=0.10, Price=1.07818, TP=1.07803, SL=1.07833
2025-01-05 18:27:37,943 - ERROR - Error in episode 4: 'HistoricalTrader' object has no attribute '_update_model_memory'
2025-01-05 18:27:37,943 - INFO - Starting episode 5
2025-01-05 18:27:37,980 - INFO - Opening buy order: Strategy=Breakout, Volume=0.10, Price=1.08224, TP=1.08239, SL=1.08209
2025-01-05 18:27:37,980 - ERROR - Error in episode 5: 'HistoricalTrader' object has no attribute '_update_model_memory'
2025-01-05 18:27:37,980 - INFO - Starting episode 6
2025-01-05 18:27:38,014 - INFO - Opening sell order: Strategy=Breakout, Volume=0.10, Price=1.08176, TP=1.08161, SL=1.08191
2025-01-05 18:27:38,014 - ERROR - Error in episode 6: 'HistoricalTrader' object has no attribute '_update_model_memory'
2025-01-05 18:27:38,014 - INFO - Starting episode 7
2025-01-05 18:27:38,050 - INFO - Opening buy order: Strategy=Breakout, Volume=0.10, Price=1.08486, TP=1.08501, SL=1.08471
2025-01-05 18:27:38,050 - ERROR - Error in episode 7: 'HistoricalTrader' object has no attribute '_update_model_memory'
2025-01-05 18:27:38,050 - INFO - Starting episode 8
2025-01-05 18:27:38,086 - INFO - Opening sell order: Strategy=Breakout, Volume=0.10, Price=1.08227, TP=1.08212, SL=1.08242
2025-01-05 18:27:38,086 - ERROR - Error in episode 8: 'HistoricalTrader' object has no attribute '_update_model_memory'
2025-01-05 18:27:38,086 - INFO - Starting episode 9
2025-01-05 18:27:38,128 - INFO - Opening sell order: Strategy=Breakout, Volume=0.10, Price=1.08540, TP=1.08525, SL=1.08555
2025-01-05 18:27:38,129 - ERROR - Error in episode 9: 'HistoricalTrader' object has no attribute '_update_model_memory'
2025-01-05 18:27:38,129 - INFO - Starting episode 10
2025-01-05 18:27:38,175 - INFO - Opening buy order: Strategy=Breakout, Volume=0.10, Price=1.08536, TP=1.08551, SL=1.08521
2025-01-05 18:27:38,175 - ERROR - Error in episode 10: 'HistoricalTrader' object has no attribute '_update_model_memory'
2025-01-05 18:27:38,175 - INFO - Starting episode 11
2025-01-05 18:27:38,222 - INFO - Opening buy order: Strategy=Breakout, Volume=0.10, Price=1.08796, TP=1.08811, SL=1.08781
2025-01-05 18:27:38,222 - ERROR - Error in episode 11: 'HistoricalTrader' object has no attribute '_update_model_memory'
2025-01-05 18:27:38,222 - INFO - Starting episode 12
2025-01-05 18:27:38,281 - INFO - Opening sell order: Strategy=Breakout, Volume=0.10, Price=1.08591, TP=1.08576, SL=1.08606
2025-01-05 18:27:38,281 - ERROR - Error in episode 12: 'HistoricalTrader' object has no attribute '_update_model_memory'
2025-01-05 18:27:38,281 - INFO - Starting episode 13
2025-01-05 18:27:38,348 - INFO - Opening buy order: Strategy=Breakout, Volume=0.10, Price=1.08986, TP=1.09001, SL=1.08971
2025-01-05 18:27:38,348 - ERROR - Error in episode 13: 'HistoricalTrader' object has no attribute '_update_model_memory'
2025-01-05 18:27:38,348 - INFO - Starting episode 14
2025-01-05 18:27:38,422 - INFO - Opening sell order: Strategy=Breakout, Volume=0.10, Price=1.08725, TP=1.08710, SL=1.08740
2025-01-05 18:27:38,422 - ERROR - Error in episode 14: 'HistoricalTrader' object has no attribute '_update_model_memory'
2025-01-05 18:27:38,422 - INFO - Starting episode 15
2025-01-05 18:27:38,500 - INFO - Opening buy order: Strategy=Breakout, Volume=0.10, Price=1.08854, TP=1.08869, SL=1.08839
2025-01-05 18:27:38,500 - ERROR - Error in episode 15: 'HistoricalTrader' object has no attribute '_update_model_memory'
2025-01-05 18:27:38,500 - INFO - Starting episode 16
2025-01-05 18:27:38,577 - INFO - Opening buy order: Strategy=Breakout, Volume=0.10, Price=1.08953, TP=1.08968, SL=1.08938
2025-01-05 18:27:38,577 - ERROR - Error in episode 16: 'HistoricalTrader' object has no attribute '_update_model_memory'
2025-01-05 18:27:38,577 - INFO - Starting episode 17
2025-01-05 18:27:38,664 - INFO - Opening buy order: Strategy=Breakout, Volume=0.10, Price=1.09329, TP=1.09344, SL=1.09314
2025-01-05 18:27:38,664 - ERROR - Error in episode 17: 'HistoricalTrader' object has no attribute '_update_model_memory'
2025-01-05 18:27:38,664 - INFO - Starting episode 18
2025-01-05 18:27:38,749 - INFO - Opening sell order: Strategy=Breakout, Volume=0.10, Price=1.08079, TP=1.08064, SL=1.08094
2025-01-05 18:27:38,749 - ERROR - Error in episode 18: 'HistoricalTrader' object has no attribute '_update_model_memory'
2025-01-05 18:27:38,750 - INFO - Starting episode 19
2025-01-05 18:27:38,842 - INFO - Opening sell order: Strategy=Breakout, Volume=0.10, Price=1.07018, TP=1.07003, SL=1.07033
2025-01-05 18:27:38,842 - ERROR - Error in episode 19: 'HistoricalTrader' object has no attribute '_update_model_memory'
2025-01-05 18:27:38,842 - INFO - Starting episode 20
2025-01-05 18:27:38,945 - INFO - Opening buy order: Strategy=Breakout, Volume=0.10, Price=1.07563, TP=1.07578, SL=1.07548
2025-01-05 18:27:38,945 - ERROR - Error in episode 20: 'HistoricalTrader' object has no attribute '_update_model_memory'
2025-01-05 18:27:38,945 - INFO - Starting episode 21
2025-01-05 18:27:39,043 - INFO - Opening sell order: Strategy=Breakout, Volume=0.10, Price=1.07200, TP=1.07185, SL=1.07215
2025-01-05 18:27:39,043 - ERROR - Error in episode 21: 'HistoricalTrader' object has no attribute '_update_model_memory'
2025-01-05 18:27:39,043 - INFO - Starting episode 22
2025-01-05 18:27:39,144 - INFO - Opening buy order: Strategy=Breakout, Volume=0.10, Price=1.07597, TP=1.07612, SL=1.07582
2025-01-05 18:27:39,144 - ERROR - Error in episode 22: 'HistoricalTrader' object has no attribute '_update_model_memory'
2025-01-05 18:27:39,144 - INFO - Starting episode 23
2025-01-05 18:27:39,244 - INFO - Opening buy order: Strategy=Breakout, Volume=0.10, Price=1.07658, TP=1.07673, SL=1.07643
2025-01-05 18:27:39,244 - ERROR - Error in episode 23: 'HistoricalTrader' object has no attribute '_update_model_memory'
2025-01-05 18:27:39,244 - INFO - Starting episode 24
2025-01-05 18:27:39,357 - INFO - Opening sell order: Strategy=Breakout, Volume=0.10, Price=1.07611, TP=1.07596, SL=1.07626
2025-01-05 18:27:39,357 - ERROR - Error in episode 24: 'HistoricalTrader' object has no attribute '_update_model_memory'
2025-01-05 18:27:39,357 - INFO - Starting episode 25
2025-01-05 18:27:39,471 - INFO - Opening sell order: Strategy=Breakout, Volume=0.10, Price=1.07441, TP=1.07426, SL=1.07456
2025-01-05 18:27:39,471 - ERROR - Error in episode 25: 'HistoricalTrader' object has no attribute '_update_model_memory'
2025-01-05 18:27:39,471 - INFO - Starting episode 26
2025-01-05 18:27:39,583 - INFO - Opening sell order: Strategy=Breakout, Volume=0.10, Price=1.07356, TP=1.07341, SL=1.07371
2025-01-05 18:27:39,584 - ERROR - Error in episode 26: 'HistoricalTrader' object has no attribute '_update_model_memory'
2025-01-05 18:27:39,584 - INFO - Starting episode 27
2025-01-05 18:27:39,706 - INFO - Opening sell order: Strategy=Breakout, Volume=0.10, Price=1.06999, TP=1.06984, SL=1.07014
2025-01-05 18:27:39,706 - ERROR - Error in episode 27: 'HistoricalTrader' object has no attribute '_update_model_memory'
2025-01-05 18:27:39,706 - INFO - Starting episode 28
2025-01-05 18:27:39,829 - INFO - Opening sell order: Strategy=Breakout, Volume=0.10, Price=1.06622, TP=1.06607, SL=1.06637
2025-01-05 18:27:39,829 - ERROR - Error in episode 28: 'HistoricalTrader' object has no attribute '_update_model_memory'
2025-01-05 18:27:39,829 - INFO - Starting episode 29
2025-01-05 18:27:39,953 - INFO - Opening sell order: Strategy=Breakout, Volume=0.10, Price=1.06415, TP=1.06400, SL=1.06430
2025-01-05 18:27:39,953 - ERROR - Error in episode 29: 'HistoricalTrader' object has no attribute '_update_model_memory'
2025-01-05 18:27:39,953 - INFO - Starting episode 30
2025-01-05 18:27:40,083 - INFO - Opening sell order: Strategy=Breakout, Volume=0.10, Price=1.06264, TP=1.06249, SL=1.06279
2025-01-05 18:27:40,083 - ERROR - Error in episode 30: 'HistoricalTrader' object has no attribute '_update_model_memory'
2025-01-05 18:27:40,083 - INFO - Starting episode 31
2025-01-05 18:27:40,223 - INFO - Opening sell order: Strategy=Breakout, Volume=0.10, Price=1.06104, TP=1.06089, SL=1.06119
2025-01-05 18:27:40,223 - ERROR - Error in episode 31: 'HistoricalTrader' object has no attribute '_update_model_memory'
2025-01-05 18:27:40,223 - INFO - Starting episode 32
2025-01-05 18:27:40,363 - INFO - Opening sell order: Strategy=Breakout, Volume=0.10, Price=1.06089, TP=1.06074, SL=1.06104
2025-01-05 18:27:40,363 - ERROR - Error in episode 32: 'HistoricalTrader' object has no attribute '_update_model_memory'
2025-01-05 18:27:40,363 - INFO - Starting episode 33
2025-01-05 18:27:40,503 - INFO - Opening sell order: Strategy=Breakout, Volume=0.10, Price=1.05929, TP=1.05914, SL=1.05944
2025-01-05 18:27:40,503 - ERROR - Error in episode 33: 'HistoricalTrader' object has no attribute '_update_model_memory'
2025-01-05 18:27:40,503 - INFO - Starting episode 34
2025-01-05 18:27:40,653 - INFO - Opening sell order: Strategy=Breakout, Volume=0.10, Price=1.05845, TP=1.05830, SL=1.05860
2025-01-05 18:27:40,653 - ERROR - Error in episode 34: 'HistoricalTrader' object has no attribute '_update_model_memory'
2025-01-05 18:27:40,653 - INFO - Starting episode 35
2025-01-05 18:27:40,803 - INFO - Opening sell order: Strategy=Breakout, Volume=0.10, Price=1.05591, TP=1.05576, SL=1.05606
2025-01-05 18:27:40,803 - ERROR - Error in episode 35: 'HistoricalTrader' object has no attribute '_update_model_memory'
2025-01-05 18:27:40,803 - INFO - Starting episode 36
2025-01-05 18:27:40,963 - INFO - Opening buy order: Strategy=Breakout, Volume=0.10, Price=1.05517, TP=1.05532, SL=1.05502
2025-01-05 18:27:40,963 - ERROR - Error in episode 36: 'HistoricalTrader' object has no attribute '_update_model_memory'
2025-01-05 18:27:40,963 - INFO - Starting episode 37
2025-01-05 18:27:41,116 - INFO - Opening buy order: Strategy=Breakout, Volume=0.10, Price=1.05281, TP=1.05296, SL=1.05266
2025-01-05 18:27:41,116 - ERROR - Error in episode 37: 'HistoricalTrader' object has no attribute '_update_model_memory'
2025-01-05 18:27:41,116 - INFO - Starting episode 38
2025-01-05 18:27:41,274 - INFO - Opening sell order: Strategy=Breakout, Volume=0.10, Price=1.05195, TP=1.05180, SL=1.05210
2025-01-05 18:27:41,274 - ERROR - Error in episode 38: 'HistoricalTrader' object has no attribute '_update_model_memory'
2025-01-05 18:27:41,274 - INFO - Starting episode 39
2025-01-05 18:27:41,446 - INFO - Opening buy order: Strategy=Breakout, Volume=0.10, Price=1.05476, TP=1.05491, SL=1.05461
2025-01-05 18:27:41,446 - ERROR - Error in episode 39: 'HistoricalTrader' object has no attribute '_update_model_memory'
2025-01-05 18:27:41,446 - INFO - Starting episode 40
2025-01-05 18:27:41,615 - INFO - Opening buy order: Strategy=Breakout, Volume=0.10, Price=1.05845, TP=1.05860, SL=1.05830
2025-01-05 18:27:41,615 - ERROR - Error in episode 40: 'HistoricalTrader' object has no attribute '_update_model_memory'
2025-01-05 18:27:41,615 - INFO - Starting episode 41
2025-01-05 18:27:41,777 - INFO - Opening sell order: Strategy=Breakout, Volume=0.10, Price=1.05315, TP=1.05300, SL=1.05330
2025-01-05 18:27:41,777 - ERROR - Error in episode 41: 'HistoricalTrader' object has no attribute '_update_model_memory'
2025-01-05 18:27:41,777 - INFO - Starting episode 42
2025-01-05 18:27:41,954 - INFO - Opening buy order: Strategy=Breakout, Volume=0.10, Price=1.05461, TP=1.05476, SL=1.05446
2025-01-05 18:27:41,954 - ERROR - Error in episode 42: 'HistoricalTrader' object has no attribute '_update_model_memory'
2025-01-05 18:27:41,955 - INFO - Starting episode 43
2025-01-05 18:27:42,123 - INFO - Opening buy order: Strategy=Breakout, Volume=0.10, Price=1.05526, TP=1.05541, SL=1.05511
2025-01-05 18:27:42,123 - ERROR - Error in episode 43: 'HistoricalTrader' object has no attribute '_update_model_memory'
2025-01-05 18:27:42,123 - INFO - Starting episode 44
2025-01-05 18:27:42,303 - INFO - Opening sell order: Strategy=Breakout, Volume=0.10, Price=1.05385, TP=1.05370, SL=1.05400
2025-01-05 18:27:42,303 - ERROR - Error in episode 44: 'HistoricalTrader' object has no attribute '_update_model_memory'
2025-01-05 18:27:42,303 - INFO - Starting episode 45
2025-01-05 18:27:42,478 - INFO - Opening buy order: Strategy=Breakout, Volume=0.10, Price=1.05462, TP=1.05477, SL=1.05447
2025-01-05 18:27:42,478 - ERROR - Error in episode 45: 'HistoricalTrader' object has no attribute '_update_model_memory'
2025-01-05 18:27:42,478 - INFO - Starting episode 46
2025-01-05 18:27:42,663 - INFO - Opening sell order: Strategy=Breakout, Volume=0.10, Price=1.05880, TP=1.05865, SL=1.05895
2025-01-05 18:27:42,663 - ERROR - Error in episode 46: 'HistoricalTrader' object has no attribute '_update_model_memory'
2025-01-05 18:27:42,663 - INFO - Starting episode 47
2025-01-05 18:27:42,853 - INFO - Opening sell order: Strategy=Breakout, Volume=0.10, Price=1.05371, TP=1.05356, SL=1.05386
2025-01-05 18:27:42,853 - ERROR - Error in episode 47: 'HistoricalTrader' object has no attribute '_update_model_memory'
2025-01-05 18:27:42,853 - INFO - Starting episode 48
2025-01-05 18:27:43,053 - INFO - Opening buy order: Strategy=Breakout, Volume=0.10, Price=1.05904, TP=1.05919, SL=1.05889
2025-01-05 18:27:43,054 - ERROR - Error in episode 48: 'HistoricalTrader' object has no attribute '_update_model_memory'
2025-01-05 18:27:43,054 - INFO - Starting episode 49
2025-01-05 18:27:43,245 - INFO - Opening buy order: Strategy=Breakout, Volume=0.10, Price=1.06060, TP=1.06075, SL=1.06045
2025-01-05 18:27:43,253 - ERROR - Error in episode 49: 'HistoricalTrader' object has no attribute '_update_model_memory'
2025-01-05 18:27:43,253 - INFO - Starting episode 50
2025-01-05 18:27:43,453 - INFO - Opening sell order: Strategy=Breakout, Volume=0.10, Price=1.05256, TP=1.05241, SL=1.05271
2025-01-05 18:27:43,453 - ERROR - Error in episode 50: 'HistoricalTrader' object has no attribute '_update_model_memory'
2025-01-05 18:27:43,453 - INFO - Starting episode 51
2025-01-05 18:27:43,663 - INFO - Opening buy order: Strategy=Breakout, Volume=0.10, Price=1.05340, TP=1.05355, SL=1.05325
2025-01-05 18:27:43,663 - ERROR - Error in episode 51: 'HistoricalTrader' object has no attribute '_update_model_memory'
2025-01-05 18:27:43,663 - INFO - Starting episode 52
2025-01-05 18:27:43,879 - INFO - Opening sell order: Strategy=Breakout, Volume=0.10, Price=1.04834, TP=1.04819, SL=1.04849
2025-01-05 18:27:43,879 - ERROR - Error in episode 52: 'HistoricalTrader' object has no attribute '_update_model_memory'
2025-01-05 18:27:43,879 - INFO - Starting episode 53
2025-01-05 18:27:44,103 - INFO - Opening buy order: Strategy=Breakout, Volume=0.10, Price=1.04738, TP=1.04753, SL=1.04723
2025-01-05 18:27:44,103 - ERROR - Error in episode 53: 'HistoricalTrader' object has no attribute '_update_model_memory'
2025-01-05 18:27:44,103 - INFO - Starting episode 54
2025-01-05 18:27:44,319 - INFO - Opening sell order: Strategy=Breakout, Volume=0.10, Price=1.03389, TP=1.03374, SL=1.03404
2025-01-05 18:27:44,319 - ERROR - Error in episode 54: 'HistoricalTrader' object has no attribute '_update_model_memory'
2025-01-05 18:27:44,319 - INFO - Starting episode 55
2025-01-05 18:27:44,538 - INFO - Opening sell order: Strategy=Breakout, Volume=0.10, Price=1.04034, TP=1.04019, SL=1.04049
2025-01-05 18:27:44,538 - ERROR - Error in episode 55: 'HistoricalTrader' object has no attribute '_update_model_memory'
2025-01-05 18:27:44,538 - INFO - Starting episode 56
2025-01-05 18:27:44,767 - INFO - Opening buy order: Strategy=Breakout, Volume=0.10, Price=1.04861, TP=1.04876, SL=1.04846
2025-01-05 18:27:44,767 - ERROR - Error in episode 56: 'HistoricalTrader' object has no attribute '_update_model_memory'
2025-01-05 18:27:44,767 - INFO - Starting episode 57
2025-01-05 18:27:45,004 - INFO - Opening buy order: Strategy=Breakout, Volume=0.10, Price=1.05139, TP=1.05154, SL=1.05124
2025-01-05 18:27:45,004 - ERROR - Error in episode 57: 'HistoricalTrader' object has no attribute '_update_model_memory'
2025-01-05 18:27:45,004 - INFO - Starting episode 58
2025-01-05 18:27:45,243 - INFO - Opening sell order: Strategy=Breakout, Volume=0.10, Price=1.04520, TP=1.04505, SL=1.04535
2025-01-05 18:27:45,243 - ERROR - Error in episode 58: 'HistoricalTrader' object has no attribute '_update_model_memory'
2025-01-05 18:27:45,243 - INFO - Starting episode 59
2025-01-05 18:27:45,483 - INFO - Opening buy order: Strategy=Breakout, Volume=0.10, Price=1.05352, TP=1.05367, SL=1.05337
2025-01-05 18:27:45,483 - ERROR - Error in episode 59: 'HistoricalTrader' object has no attribute '_update_model_memory'
2025-01-05 18:27:45,483 - INFO - Starting episode 60
2025-01-05 18:27:45,733 - INFO - Opening buy order: Strategy=Breakout, Volume=0.10, Price=1.04935, TP=1.04950, SL=1.04920
2025-01-05 18:27:45,733 - ERROR - Error in episode 60: 'HistoricalTrader' object has no attribute '_update_model_memory'
2025-01-05 18:27:45,733 - INFO - Starting episode 61
2025-01-05 18:27:45,983 - INFO - Opening buy order: Strategy=Breakout, Volume=0.10, Price=1.04818, TP=1.04833, SL=1.04803
2025-01-05 18:27:45,983 - ERROR - Error in episode 61: 'HistoricalTrader' object has no attribute '_update_model_memory'
2025-01-05 18:27:45,983 - INFO - Starting episode 62
2025-01-05 18:27:46,238 - INFO - Opening buy order: Strategy=Breakout, Volume=0.10, Price=1.05566, TP=1.05581, SL=1.05551
2025-01-05 18:27:46,243 - ERROR - Error in episode 62: 'HistoricalTrader' object has no attribute '_update_model_memory'
2025-01-05 18:27:46,243 - INFO - Starting episode 63
2025-01-05 18:27:46,498 - INFO - Opening sell order: Strategy=Breakout, Volume=0.10, Price=1.05565, TP=1.05550, SL=1.05580
2025-01-05 18:27:46,498 - ERROR - Error in episode 63: 'HistoricalTrader' object has no attribute '_update_model_memory'
2025-01-05 18:27:46,498 - INFO - Starting episode 64
2025-01-05 18:27:46,753 - INFO - Opening sell order: Strategy=Breakout, Volume=0.10, Price=1.05341, TP=1.05326, SL=1.05356
2025-01-05 18:27:46,753 - ERROR - Error in episode 64: 'HistoricalTrader' object has no attribute '_update_model_memory'
2025-01-05 18:27:46,753 - INFO - Starting episode 65
2025-01-05 18:27:47,025 - INFO - Opening sell order: Strategy=Breakout, Volume=0.10, Price=1.05409, TP=1.05394, SL=1.05424
2025-01-05 18:27:47,025 - ERROR - Error in episode 65: 'HistoricalTrader' object has no attribute '_update_model_memory'
2025-01-05 18:27:47,025 - INFO - Starting episode 66
2025-01-05 18:27:47,293 - INFO - Opening sell order: Strategy=Breakout, Volume=0.10, Price=1.05463, TP=1.05448, SL=1.05478
2025-01-05 18:27:47,293 - ERROR - Error in episode 66: 'HistoricalTrader' object has no attribute '_update_model_memory'
2025-01-05 18:27:47,293 - INFO - Starting episode 67
2025-01-05 18:27:47,575 - INFO - Opening buy order: Strategy=Breakout, Volume=0.10, Price=1.05793, TP=1.05808, SL=1.05778
2025-01-05 18:27:47,575 - ERROR - Error in episode 67: 'HistoricalTrader' object has no attribute '_update_model_memory'
2025-01-05 18:27:47,575 - INFO - Starting episode 68
2025-01-05 18:27:47,861 - INFO - Opening sell order: Strategy=Breakout, Volume=0.10, Price=1.05473, TP=1.05458, SL=1.05488
2025-01-05 18:27:47,861 - ERROR - Error in episode 68: 'HistoricalTrader' object has no attribute '_update_model_memory'
2025-01-05 18:27:47,861 - INFO - Starting episode 69
2025-01-05 18:27:48,134 - INFO - Opening sell order: Strategy=Breakout, Volume=0.10, Price=1.05250, TP=1.05235, SL=1.05265
2025-01-05 18:27:48,134 - ERROR - Error in episode 69: 'HistoricalTrader' object has no attribute '_update_model_memory'
2025-01-05 18:27:48,134 - INFO - Starting episode 70
2025-01-05 18:27:48,423 - INFO - Opening buy order: Strategy=Breakout, Volume=0.10, Price=1.05305, TP=1.05320, SL=1.05290
2025-01-05 18:27:48,423 - ERROR - Error in episode 70: 'HistoricalTrader' object has no attribute '_update_model_memory'
2025-01-05 18:27:48,423 - INFO - Starting episode 71
2025-01-05 18:27:48,703 - INFO - Opening buy order: Strategy=Breakout, Volume=0.10, Price=1.04902, TP=1.04917, SL=1.04887
2025-01-05 18:27:48,703 - ERROR - Error in episode 71: 'HistoricalTrader' object has no attribute '_update_model_memory'
2025-01-05 18:27:48,703 - INFO - Starting episode 72
2025-01-05 18:27:48,994 - INFO - Opening sell order: Strategy=Breakout, Volume=0.10, Price=1.04907, TP=1.04892, SL=1.04922
2025-01-05 18:27:48,994 - ERROR - Error in episode 72: 'HistoricalTrader' object has no attribute '_update_model_memory'
2025-01-05 18:27:48,994 - INFO - Starting episode 73
2025-01-05 18:27:49,303 - INFO - Opening sell order: Strategy=Breakout, Volume=0.10, Price=1.05011, TP=1.04996, SL=1.05026
2025-01-05 18:27:49,303 - ERROR - Error in episode 73: 'HistoricalTrader' object has no attribute '_update_model_memory'
2025-01-05 18:27:49,303 - INFO - Starting episode 74
2025-01-05 18:27:49,604 - INFO - Opening sell order: Strategy=Breakout, Volume=0.10, Price=1.05056, TP=1.05041, SL=1.05071
2025-01-05 18:27:49,604 - ERROR - Error in episode 74: 'HistoricalTrader' object has no attribute '_update_model_memory'
2025-01-05 18:27:49,604 - INFO - Starting episode 75
2025-01-05 18:27:49,913 - INFO - Opening sell order: Strategy=Breakout, Volume=0.10, Price=1.04978, TP=1.04963, SL=1.04993
2025-01-05 18:27:49,913 - ERROR - Error in episode 75: 'HistoricalTrader' object has no attribute '_update_model_memory'
2025-01-05 18:27:49,913 - INFO - Starting episode 76
2025-01-05 18:27:50,224 - INFO - Opening sell order: Strategy=Breakout, Volume=0.10, Price=1.04931, TP=1.04916, SL=1.04946
2025-01-05 18:27:50,224 - ERROR - Error in episode 76: 'HistoricalTrader' object has no attribute '_update_model_memory'
2025-01-05 18:27:50,224 - INFO - Starting episode 77
2025-01-05 18:27:50,525 - INFO - Opening buy order: Strategy=Breakout, Volume=0.10, Price=1.05098, TP=1.05113, SL=1.05083
2025-01-05 18:27:50,525 - ERROR - Error in episode 77: 'HistoricalTrader' object has no attribute '_update_model_memory'
2025-01-05 18:27:50,525 - INFO - Starting episode 78
2025-01-05 18:27:50,843 - INFO - Opening buy order: Strategy=Breakout, Volume=0.10, Price=1.05374, TP=1.05389, SL=1.05359
2025-01-05 18:27:50,843 - ERROR - Error in episode 78: 'HistoricalTrader' object has no attribute '_update_model_memory'
2025-01-05 18:27:50,843 - INFO - Starting episode 79
2025-01-05 18:27:51,153 - INFO - Opening buy order: Strategy=Breakout, Volume=0.10, Price=1.05732, TP=1.05747, SL=1.05717
2025-01-05 18:27:51,153 - ERROR - Error in episode 79: 'HistoricalTrader' object has no attribute '_update_model_memory'
2025-01-05 18:27:51,153 - INFO - Starting episode 80
2025-01-05 18:27:51,483 - INFO - Opening sell order: Strategy=Breakout, Volume=0.10, Price=1.05790, TP=1.05775, SL=1.05805
2025-01-05 18:27:51,483 - ERROR - Error in episode 80: 'HistoricalTrader' object has no attribute '_update_model_memory'
2025-01-05 18:27:51,483 - INFO - Starting episode 81
2025-01-05 18:27:51,808 - INFO - Episode 81 completed - No trades executed, Balance: $100.00
2025-01-05 18:27:51,808 - INFO - Starting episode 82
2025-01-05 18:27:55,323 - INFO - Episode 82 completed - No trades executed, Balance: $100.00
2025-01-05 18:27:55,323 - INFO - Starting episode 83
2025-01-05 18:28:01,453 - INFO - Episode 83 completed - No trades executed, Balance: $100.00
2025-01-05 18:28:01,453 - INFO - Starting episode 84
2025-01-05 18:28:10,595 - INFO - Episode 84 completed - No trades executed, Balance: $100.00
2025-01-05 18:28:10,596 - INFO - Starting episode 85
2025-01-05 18:28:21,589 - INFO - Episode 85 completed - No trades executed, Balance: $100.00
2025-01-05 18:28:21,589 - INFO - Starting episode 86
2025-01-05 18:28:36,490 - INFO - Episode 86 completed - No trades executed, Balance: $100.00
2025-01-05 18:28:36,490 - INFO - Starting episode 87
2025-01-05 18:28:53,784 - INFO - Episode 87 completed - No trades executed, Balance: $100.00
2025-01-05 18:28:53,784 - INFO - Starting episode 88
2025-01-05 18:29:14,876 - INFO - Episode 88 completed - No trades executed, Balance: $100.00
2025-01-05 18:29:14,876 - INFO - Starting episode 89
2025-01-05 18:29:24,639 - INFO - Dastur yakunlandi
==================================================

