2025-01-03 17:38:53,861 - INFO - Successfully loaded 8640 bars of historical data
2025-01-03 17:38:53,866 - INFO - Starting episode 1
2025-01-03 17:39:02,623 - INFO - Opened buy position: OrderBlock, 5.0 lot, entry: 1.07814
2025-01-03 17:39:04,813 - INFO - Closed position #1: OrderBlock, profit: $-105.00, reason: SL
2025-01-03 17:39:04,813 - INFO - Position closed with profit: $-105.00
2025-01-03 17:39:04,814 - WARNING - Margin call at episode 1
2025-01-03 17:39:04,918 - INFO - profit=$-105.00, trades=1, win_rate=0.0% if total_trades > 0 else 0
2025-01-03 17:39:04,996 - INFO - Starting episode 2
2025-01-03 17:39:25,432 - INFO - Opened buy position: OrderBlock, 5.0 lot, entry: 1.07967
2025-01-03 17:39:29,174 - INFO - Closed position #1: OrderBlock, profit: $585.00, reason: TP
2025-01-03 17:39:29,174 - INFO - Position closed with profit: $585.00
2025-01-03 17:39:37,363 - INFO - Opened buy position: OrderBlock, 5.0 lot, entry: 1.08266
2025-01-03 17:39:38,637 - INFO - Closed position #1: OrderBlock, profit: $-170.00, reason: SL
2025-01-03 17:39:38,637 - INFO - Position closed with profit: $-170.00
2025-01-03 17:39:49,204 - INFO - Opened buy position: OrderBlock, 5.0 lot, entry: 1.08233
2025-01-03 17:39:52,109 - INFO - Closed position #1: OrderBlock, profit: $445.00, reason: TP
2025-01-03 17:39:52,110 - INFO - Position closed with profit: $445.00
2025-01-03 17:40:01,172 - INFO - Opened sell position: OrderBlock, 5.0 lot, entry: 1.07916
2025-01-03 17:40:02,010 - INFO - Closed position #1: OrderBlock, profit: $-205.00, reason: SL
2025-01-03 17:40:02,011 - INFO - Position closed with profit: $-205.00
2025-01-03 17:40:21,476 - INFO - Opened buy position: OrderBlock, 5.0 lot, entry: 1.08093
2025-01-03 17:40:25,220 - INFO - Closed position #1: OrderBlock, profit: $470.00, reason: TP
2025-01-03 17:40:25,221 - INFO - Position closed with profit: $470.00
2025-01-03 17:40:57,319 - INFO - Opened sell position: OrderBlock, 5.0 lot, entry: 1.08124
2025-01-03 17:41:03,657 - INFO - Closed position #1: OrderBlock, profit: $-215.00, reason: SL
2025-01-03 17:41:03,657 - INFO - Position closed with profit: $-215.00
2025-01-03 17:41:31,929 - INFO - Opened buy position: OrderBlock, 5.0 lot, entry: 1.08175
2025-01-03 17:41:33,701 - INFO - Closed position #1: OrderBlock, profit: $-320.00, reason: SL
2025-01-03 17:41:33,701 - INFO - Position closed with profit: $-320.00
2025-01-03 17:41:48,190 - INFO - Opened buy position: OrderBlock, 5.0 lot, entry: 1.08143
2025-01-03 17:41:50,437 - INFO - Closed position #1: OrderBlock, profit: $345.00, reason: TP
2025-01-03 17:41:50,438 - INFO - Position closed with profit: $345.00
2025-01-03 17:42:15,494 - INFO - Opened buy position: OrderBlock, 5.0 lot, entry: 1.08365
2025-01-03 17:42:19,511 - INFO - Closed position #1: OrderBlock, profit: $-410.00, reason: SL
2025-01-03 17:42:19,511 - INFO - Position closed with profit: $-410.00
2025-01-03 17:42:37,359 - INFO - Opened sell position: OrderBlock, 5.0 lot, entry: 1.08553
2025-01-03 17:42:40,678 - INFO - Closed position #1: OrderBlock, profit: $-150.00, reason: SL
2025-01-03 17:42:40,679 - INFO - Position closed with profit: $-150.00
2025-01-03 17:43:11,123 - INFO - Opened buy position: OrderBlock, 5.0 lot, entry: 1.08589
2025-01-03 17:43:12,374 - INFO - Closed position #1: OrderBlock, profit: $520.00, reason: TP
2025-01-03 17:43:12,374 - INFO - Position closed with profit: $520.00
2025-01-03 17:43:24,270 - INFO - Opened buy position: OrderBlock, 5.0 lot, entry: 1.08811
2025-01-03 17:43:27,175 - INFO - Closed position #1: OrderBlock, profit: $245.00, reason: TP
2025-01-03 17:43:27,175 - INFO - Position closed with profit: $245.00
2025-01-03 17:43:35,522 - INFO - Opened sell position: OrderBlock, 5.0 lot, entry: 1.08581
2025-01-03 17:43:36,859 - INFO - Closed position #1: OrderBlock, profit: $-250.00, reason: SL
2025-01-03 17:43:36,859 - INFO - Position closed with profit: $-250.00
2025-01-03 17:43:47,239 - INFO - Opened buy position: OrderBlock, 5.0 lot, entry: 1.08764
2025-01-03 17:43:47,488 - INFO - Closed position #1: OrderBlock, profit: $-270.00, reason: SL
2025-01-03 17:43:47,489 - INFO - Position closed with profit: $-270.00
2025-01-03 17:43:58,863 - INFO - Opened buy position: OrderBlock, 5.0 lot, entry: 1.08986
2025-01-03 17:43:59,831 - INFO - Closed position #1: OrderBlock, profit: $530.00, reason: TP
2025-01-03 17:43:59,831 - INFO - Position closed with profit: $530.00
2025-01-03 17:44:10,916 - INFO - Opened sell position: OrderBlock, 5.0 lot, entry: 1.08772
2025-01-03 17:44:12,022 - INFO - Closed position #1: OrderBlock, profit: $235.00, reason: TP
2025-01-03 17:44:12,023 - INFO - Position closed with profit: $235.00
2025-01-03 17:44:26,112 - INFO - Opened buy position: OrderBlock, 5.0 lot, entry: 1.08927
2025-01-03 17:44:26,751 - INFO - Closed position #1: OrderBlock, profit: $370.00, reason: TP
2025-01-03 17:44:26,751 - INFO - Position closed with profit: $370.00
2025-01-03 17:44:37,535 - INFO - Opened sell position: OrderBlock, 5.0 lot, entry: 1.09255
2025-01-03 17:44:37,945 - INFO - Closed position #1: OrderBlock, profit: $405.00, reason: TP
2025-01-03 17:44:37,945 - INFO - Position closed with profit: $405.00
2025-01-03 17:44:48,897 - INFO - Opened buy position: OrderBlock, 5.0 lot, entry: 1.07483
2025-01-03 17:44:49,238 - INFO - Closed position #1: OrderBlock, profit: $-840.00, reason: SL
2025-01-03 17:44:49,239 - INFO - Position closed with profit: $-840.00
2025-01-03 17:45:00,488 - INFO - Opened sell position: OrderBlock, 5.0 lot, entry: 1.07261
2025-01-03 17:45:00,745 - INFO - Closed position #1: OrderBlock, profit: $-270.00, reason: SL
2025-01-03 17:45:00,745 - INFO - Position closed with profit: $-270.00
2025-01-03 17:45:12,559 - INFO - Opened buy position: OrderBlock, 5.0 lot, entry: 1.07518
2025-01-03 17:45:14,136 - INFO - Closed position #1: OrderBlock, profit: $830.00, reason: TP
2025-01-03 17:45:14,136 - INFO - Position closed with profit: $830.00
2025-01-03 17:45:28,823 - INFO - Opened buy position: OrderBlock, 5.0 lot, entry: 1.08034
2025-01-03 17:45:29,159 - INFO - Closed position #1: OrderBlock, profit: $-250.00, reason: SL
2025-01-03 17:45:29,159 - INFO - Position closed with profit: $-250.00
2025-01-03 17:45:41,238 - INFO - Opened sell position: OrderBlock, 5.0 lot, entry: 1.07741
2025-01-03 17:45:41,424 - INFO - Closed position #1: OrderBlock, profit: $-485.00, reason: SL
2025-01-03 17:45:41,424 - INFO - Position closed with profit: $-485.00
2025-01-03 17:45:52,881 - INFO - Opened buy position: OrderBlock, 5.0 lot, entry: 1.07085
2025-01-03 17:45:54,422 - INFO - Closed position #1: OrderBlock, profit: $450.00, reason: TP
2025-01-03 17:45:54,423 - INFO - Position closed with profit: $450.00
2025-01-03 17:46:04,524 - INFO - Opened sell position: OrderBlock, 5.0 lot, entry: 1.06734
2025-01-03 17:46:05,202 - INFO - Closed position #1: OrderBlock, profit: $915.00, reason: TP
2025-01-03 17:46:05,202 - INFO - Position closed with profit: $915.00
2025-01-03 17:46:20,967 - INFO - Opened buy position: OrderBlock, 5.0 lot, entry: 1.06560
2025-01-03 17:46:24,363 - INFO - Closed position #1: OrderBlock, profit: $300.00, reason: TP
2025-01-03 17:46:24,364 - INFO - Position closed with profit: $300.00
2025-01-03 17:46:45,557 - INFO - Opened sell position: OrderBlock, 5.0 lot, entry: 1.06181
2025-01-03 17:46:46,051 - INFO - Closed position #1: OrderBlock, profit: $-370.00, reason: SL
2025-01-03 17:46:46,051 - INFO - Position closed with profit: $-370.00
2025-01-03 17:46:57,403 - INFO - Opened buy position: OrderBlock, 5.0 lot, entry: 1.06200
2025-01-03 17:46:57,884 - INFO - Closed position #1: OrderBlock, profit: $-250.00, reason: SL
2025-01-03 17:46:57,884 - INFO - Position closed with profit: $-250.00
2025-01-03 17:47:11,964 - INFO - Opened buy position: OrderBlock, 5.0 lot, entry: 1.06138
2025-01-03 17:47:12,911 - INFO - Closed position #1: OrderBlock, profit: $715.00, reason: TP
2025-01-03 17:47:12,912 - INFO - Position closed with profit: $715.00
2025-01-03 17:47:23,834 - INFO - Opened sell position: OrderBlock, 5.0 lot, entry: 1.05626
2025-01-03 17:47:25,108 - INFO - Closed position #1: OrderBlock, profit: $-155.00, reason: SL
2025-01-03 17:47:25,108 - INFO - Position closed with profit: $-155.00
2025-01-03 17:47:35,262 - INFO - Opened sell position: OrderBlock, 5.0 lot, entry: 1.05069
2025-01-03 17:47:35,589 - INFO - Closed position #1: OrderBlock, profit: $-630.00, reason: SL
2025-01-03 17:47:35,590 - INFO - Position closed with profit: $-630.00
2025-01-03 17:47:47,406 - INFO - Opened sell position: OrderBlock, 5.0 lot, entry: 1.05261
2025-01-03 17:47:49,178 - INFO - Closed position #1: OrderBlock, profit: $-260.00, reason: SL
2025-01-03 17:47:49,178 - INFO - Position closed with profit: $-260.00
2025-01-03 17:47:59,056 - INFO - Opened buy position: OrderBlock, 5.0 lot, entry: 1.05737
2025-01-03 17:48:00,189 - INFO - Closed position #1: OrderBlock, profit: $-305.00, reason: SL
2025-01-03 17:48:00,189 - INFO - Position closed with profit: $-305.00
2025-01-03 17:48:11,147 - INFO - Opened sell position: OrderBlock, 5.0 lot, entry: 1.05338
2025-01-03 17:48:12,185 - INFO - Closed position #1: OrderBlock, profit: $-240.00, reason: SL
2025-01-03 17:48:12,185 - INFO - Position closed with profit: $-240.00
2025-01-03 17:48:23,954 - INFO - Opened sell position: OrderBlock, 5.0 lot, entry: 1.05411
2025-01-03 17:48:24,944 - INFO - Closed position #1: OrderBlock, profit: $-335.00, reason: SL
2025-01-03 17:48:24,944 - INFO - Position closed with profit: $-335.00
2025-01-03 17:48:36,175 - INFO - Opened buy position: OrderBlock, 5.0 lot, entry: 1.05919
2025-01-03 17:48:36,890 - INFO - Closed position #1: OrderBlock, profit: $-195.00, reason: SL
2025-01-03 17:48:36,891 - INFO - Position closed with profit: $-195.00
2025-01-03 17:48:48,948 - INFO - Opened sell position: OrderBlock, 5.0 lot, entry: 1.05626
2025-01-03 17:48:49,899 - INFO - Closed position #1: OrderBlock, profit: $-420.00, reason: SL
2025-01-03 17:48:49,900 - INFO - Position closed with profit: $-420.00
2025-01-03 17:49:00,811 - INFO - Opened buy position: OrderBlock, 5.0 lot, entry: 1.06086
2025-01-03 17:49:00,986 - INFO - Closed position #1: OrderBlock, profit: $-160.00, reason: SL
2025-01-03 17:49:00,986 - INFO - Position closed with profit: $-160.00
2025-01-03 17:49:12,566 - INFO - Opened sell position: OrderBlock, 5.0 lot, entry: 1.05584
2025-01-03 17:49:14,691 - INFO - Closed position #1: OrderBlock, profit: $850.00, reason: TP
2025-01-03 17:49:14,691 - INFO - Position closed with profit: $850.00
2025-01-03 17:49:24,790 - INFO - Opened buy position: OrderBlock, 5.0 lot, entry: 1.05444
2025-01-03 17:49:25,240 - INFO - Closed position #1: OrderBlock, profit: $-140.00, reason: SL
2025-01-03 17:49:25,240 - INFO - Position closed with profit: $-140.00
2025-01-03 17:49:36,839 - INFO - Opened sell position: OrderBlock, 5.0 lot, entry: 1.05203
2025-01-03 17:49:37,573 - INFO - Closed position #1: OrderBlock, profit: $-485.00, reason: SL
2025-01-03 17:49:37,573 - INFO - Position closed with profit: $-485.00
2025-01-03 17:49:48,895 - INFO - Opened sell position: OrderBlock, 5.0 lot, entry: 1.04695
2025-01-03 17:49:49,802 - INFO - Closed position #1: OrderBlock, profit: $-185.00, reason: SL
2025-01-03 17:49:49,802 - INFO - Position closed with profit: $-185.00
2025-01-03 17:50:01,242 - INFO - Opened sell position: OrderBlock, 5.0 lot, entry: 1.04143
2025-01-03 17:50:03,111 - INFO - Closed position #1: OrderBlock, profit: $-915.00, reason: SL
2025-01-03 17:50:03,111 - INFO - Position closed with profit: $-915.00
2025-01-03 17:50:03,111 - WARNING - Margin call at episode 2
2025-01-03 17:50:03,115 - INFO - profit=$-670.00, trades=43, win_rate=37.2% if total_trades > 0 else 0
2025-01-03 17:50:03,115 - INFO - Starting episode 3
