2025-01-03 17:29:18,325 - INFO - Successfully loaded 8640 bars of historical data
2025-01-03 17:29:18,328 - INFO - Starting episode 1
2025-01-03 17:29:26,693 - INFO - Opened buy position: OrderBlock, 5.0 lot, entry: 1.07826
2025-01-03 17:29:27,296 - INFO - Closed position #1: OrderBlock, profit: $-150.00, reason: SL
2025-01-03 17:29:27,296 - INFO - Position closed with profit: $-150.00
2025-01-03 17:29:27,296 - WARNING - Margin call at episode 1
2025-01-03 17:29:27,529 - INFO - profit=$-150.00, trades=1, win_rate=0.0% if total_trades > 0 else 0
2025-01-03 17:29:27,596 - INFO - Starting episode 2
2025-01-03 17:29:45,057 - INFO - Opened buy position: OrderBlock, 5.0 lot, entry: 1.08009
2025-01-03 17:29:46,689 - INFO - Closed position #1: OrderBlock, profit: $-325.00, reason: SL
2025-01-03 17:29:46,689 - INFO - Position closed with profit: $-325.00
2025-01-03 17:29:46,689 - WARNING - Margin call at episode 2
2025-01-03 17:29:46,692 - INFO - profit=$-325.00, trades=1, win_rate=0.0% if total_trades > 0 else 0
2025-01-03 17:29:46,692 - INFO - Starting episode 3
2025-01-03 17:30:14,927 - INFO - Opened buy position: OrderBlock, 5.0 lot, entry: 1.08268
2025-01-03 17:30:16,201 - INFO - Closed position #1: OrderBlock, profit: $-180.00, reason: SL
2025-01-03 17:30:16,201 - INFO - Position closed with profit: $-180.00
2025-01-03 17:30:16,201 - WARNING - Margin call at episode 3
2025-01-03 17:30:16,204 - INFO - profit=$-180.00, trades=1, win_rate=0.0% if total_trades > 0 else 0
2025-01-03 17:30:16,204 - INFO - Starting episode 4
2025-01-03 17:30:55,124 - INFO - Opened buy position: OrderBlock, 5.0 lot, entry: 1.08256
2025-01-03 17:30:57,272 - INFO - Closed position #1: OrderBlock, profit: $-260.00, reason: SL
2025-01-03 17:30:57,272 - INFO - Position closed with profit: $-260.00
2025-01-03 17:30:57,272 - WARNING - Margin call at episode 4
2025-01-03 17:30:57,276 - INFO - profit=$-260.00, trades=1, win_rate=0.0% if total_trades > 0 else 0
2025-01-03 17:30:57,276 - INFO - Starting episode 5
2025-01-03 17:31:46,670 - INFO - Opened sell position: OrderBlock, 5.0 lot, entry: 1.07894
2025-01-03 17:31:47,281 - INFO - Closed position #1: OrderBlock, profit: $-260.00, reason: SL
2025-01-03 17:31:47,281 - INFO - Position closed with profit: $-260.00
2025-01-03 17:31:47,281 - WARNING - Margin call at episode 5
2025-01-03 17:31:47,284 - INFO - profit=$-260.00, trades=1, win_rate=0.0% if total_trades > 0 else 0
2025-01-03 17:31:47,284 - INFO - Starting episode 6
2025-01-03 17:32:47,485 - INFO - Opened buy position: OrderBlock, 5.0 lot, entry: 1.08137
2025-01-03 17:32:47,562 - INFO - Closed position #1: OrderBlock, profit: $-200.00, reason: SL
2025-01-03 17:32:47,562 - INFO - Position closed with profit: $-200.00
2025-01-03 17:32:47,563 - WARNING - Margin call at episode 6
2025-01-03 17:32:47,565 - INFO - profit=$-200.00, trades=1, win_rate=0.0% if total_trades > 0 else 0
2025-01-03 17:32:47,632 - INFO - Starting episode 7
2025-01-03 17:33:58,405 - INFO - Opened sell position: OrderBlock, 5.0 lot, entry: 1.08128
2025-01-03 17:34:00,557 - INFO - Closed position #1: OrderBlock, profit: $-195.00, reason: SL
2025-01-03 17:34:00,557 - INFO - Position closed with profit: $-195.00
2025-01-03 17:34:00,557 - WARNING - Margin call at episode 7
2025-01-03 17:34:00,560 - INFO - profit=$-195.00, trades=1, win_rate=0.0% if total_trades > 0 else 0
2025-01-03 17:34:00,560 - INFO - Starting episode 8
2025-01-03 17:35:22,118 - INFO - Opened buy position: OrderBlock, 5.0 lot, entry: 1.08236
2025-01-03 17:35:22,346 - INFO - Closed position #1: OrderBlock, profit: $-305.00, reason: SL
2025-01-03 17:35:22,347 - INFO - Position closed with profit: $-305.00
2025-01-03 17:35:22,347 - WARNING - Margin call at episode 8
2025-01-03 17:35:22,349 - INFO - profit=$-305.00, trades=1, win_rate=0.0% if total_trades > 0 else 0
2025-01-03 17:35:22,350 - INFO - Starting episode 9
2025-01-03 17:38:36,890 - INFO - Opened buy position: OrderBlock, 5.0 lot, entry: 1.08146
2025-01-03 17:38:39,289 - INFO - Closed position #1: OrderBlock, profit: $390.00, reason: TP
2025-01-03 17:38:39,289 - INFO - Position closed with profit: $390.00
