2025-01-05 18:29:29,533 - INFO - Successfully loaded 8640 bars of historical data
2025-01-05 18:29:29,676 - INFO - Starting episode 1
2025-01-05 18:29:29,683 - INFO - Opening sell order: Strategy=Breakout, Volume=0.10, Price=1.07995, TP=1.07980, SL=1.08010
2025-01-05 18:29:29,683 - ERROR - Error in episode 1: 'HistoricalTrader' object has no attribute '_update_model_memory'
2025-01-05 18:29:29,683 - INFO - Starting episode 2
2025-01-05 18:29:29,692 - INFO - Opening sell order: Strategy=Breakout, Volume=0.10, Price=1.07896, TP=1.07881, SL=1.07911
2025-01-05 18:29:29,692 - ERROR - Error in episode 2: 'HistoricalTrader' object has no attribute '_update_model_memory'
2025-01-05 18:29:29,692 - INFO - Starting episode 3
2025-01-05 18:29:29,706 - INFO - Opening buy order: Strategy=Breakout, Volume=0.10, Price=1.07907, TP=1.07922, SL=1.07892
2025-01-05 18:29:29,706 - ERROR - Error in episode 3: 'HistoricalTrader' object has no attribute '_update_model_memory'
2025-01-05 18:29:29,706 - INFO - Starting episode 4
2025-01-05 18:29:29,719 - INFO - Opening buy order: Strategy=Breakout, Volume=0.10, Price=1.08081, TP=1.08096, SL=1.08066
2025-01-05 18:29:29,719 - ERROR - Error in episode 4: 'HistoricalTrader' object has no attribute '_update_model_memory'
2025-01-05 18:29:29,719 - INFO - Starting episode 5
2025-01-05 18:29:29,745 - INFO - Opening buy order: Strategy=Breakout, Volume=0.10, Price=1.08113, TP=1.08128, SL=1.08098
2025-01-05 18:29:29,745 - ERROR - Error in episode 5: 'HistoricalTrader' object has no attribute '_update_model_memory'
2025-01-05 18:29:29,746 - INFO - Starting episode 6
2025-01-05 18:29:29,775 - INFO - Opening sell order: Strategy=Breakout, Volume=0.10, Price=1.07818, TP=1.07803, SL=1.07833
2025-01-05 18:29:29,775 - ERROR - Error in episode 6: 'HistoricalTrader' object has no attribute '_update_model_memory'
2025-01-05 18:29:29,775 - INFO - Starting episode 7
2025-01-05 18:29:29,807 - INFO - Opening buy order: Strategy=Breakout, Volume=0.10, Price=1.08224, TP=1.08239, SL=1.08209
2025-01-05 18:29:29,807 - ERROR - Error in episode 7: 'HistoricalTrader' object has no attribute '_update_model_memory'
2025-01-05 18:29:29,807 - INFO - Starting episode 8
2025-01-05 18:29:29,839 - INFO - Opening buy order: Strategy=Breakout, Volume=0.10, Price=1.08176, TP=1.08191, SL=1.08161
2025-01-05 18:29:29,839 - ERROR - Error in episode 8: 'HistoricalTrader' object has no attribute '_update_model_memory'
2025-01-05 18:29:29,839 - INFO - Starting episode 9
2025-01-05 18:29:29,872 - INFO - Opening buy order: Strategy=Breakout, Volume=0.10, Price=1.08317, TP=1.08332, SL=1.08302
2025-01-05 18:29:29,872 - ERROR - Error in episode 9: 'HistoricalTrader' object has no attribute '_update_model_memory'
2025-01-05 18:29:29,872 - INFO - Starting episode 10
2025-01-05 18:29:29,908 - INFO - Opening sell order: Strategy=Breakout, Volume=0.10, Price=1.08085, TP=1.08070, SL=1.08100
2025-01-05 18:29:29,908 - ERROR - Error in episode 10: 'HistoricalTrader' object has no attribute '_update_model_memory'
2025-01-05 18:29:29,908 - INFO - Starting episode 11
2025-01-05 18:29:29,952 - INFO - Opening sell order: Strategy=Breakout, Volume=0.10, Price=1.08540, TP=1.08525, SL=1.08555
2025-01-05 18:29:29,952 - ERROR - Error in episode 11: 'HistoricalTrader' object has no attribute '_update_model_memory'
2025-01-05 18:29:29,952 - INFO - Starting episode 12
2025-01-05 18:29:29,996 - INFO - Opening buy order: Strategy=Breakout, Volume=0.10, Price=1.08536, TP=1.08551, SL=1.08521
2025-01-05 18:29:29,997 - ERROR - Error in episode 12: 'HistoricalTrader' object has no attribute '_update_model_memory'
2025-01-05 18:29:29,997 - INFO - Starting episode 13
2025-01-05 18:29:30,043 - INFO - Opening sell order: Strategy=Breakout, Volume=0.10, Price=1.08553, TP=1.08538, SL=1.08568
2025-01-05 18:29:30,043 - ERROR - Error in episode 13: 'HistoricalTrader' object has no attribute '_update_model_memory'
2025-01-05 18:29:30,045 - INFO - Starting episode 14
2025-01-05 18:29:30,097 - INFO - Opening buy order: Strategy=Breakout, Volume=0.10, Price=1.08860, TP=1.08875, SL=1.08845
2025-01-05 18:29:30,097 - ERROR - Error in episode 14: 'HistoricalTrader' object has no attribute '_update_model_memory'
2025-01-05 18:29:30,097 - INFO - Starting episode 15
2025-01-05 18:29:30,154 - INFO - Opening sell order: Strategy=Breakout, Volume=0.10, Price=1.08656, TP=1.08641, SL=1.08671
2025-01-05 18:29:30,154 - ERROR - Error in episode 15: 'HistoricalTrader' object has no attribute '_update_model_memory'
2025-01-05 18:29:30,154 - INFO - Starting episode 16
2025-01-05 18:29:30,215 - INFO - Opening sell order: Strategy=Breakout, Volume=0.10, Price=1.08337, TP=1.08322, SL=1.08352
2025-01-05 18:29:30,215 - ERROR - Error in episode 16: 'HistoricalTrader' object has no attribute '_update_model_memory'
2025-01-05 18:29:30,215 - INFO - Starting episode 17
2025-01-05 18:29:30,279 - INFO - Opening buy order: Strategy=Breakout, Volume=0.10, Price=1.08986, TP=1.09001, SL=1.08971
2025-01-05 18:29:30,279 - ERROR - Error in episode 17: 'HistoricalTrader' object has no attribute '_update_model_memory'
2025-01-05 18:29:30,279 - INFO - Starting episode 18
2025-01-05 18:29:30,344 - INFO - Opening sell order: Strategy=Breakout, Volume=0.10, Price=1.08890, TP=1.08875, SL=1.08905
2025-01-05 18:29:30,344 - ERROR - Error in episode 18: 'HistoricalTrader' object has no attribute '_update_model_memory'
2025-01-05 18:29:30,344 - INFO - Starting episode 19
2025-01-05 18:29:30,426 - INFO - Opening buy order: Strategy=Breakout, Volume=0.10, Price=1.08850, TP=1.08865, SL=1.08835
2025-01-05 18:29:30,426 - ERROR - Error in episode 19: 'HistoricalTrader' object has no attribute '_update_model_memory'
2025-01-05 18:29:30,426 - INFO - Starting episode 20
2025-01-05 18:29:30,506 - INFO - Opening buy order: Strategy=Breakout, Volume=0.10, Price=1.09045, TP=1.09060, SL=1.09030
2025-01-05 18:29:30,506 - ERROR - Error in episode 20: 'HistoricalTrader' object has no attribute '_update_model_memory'
2025-01-05 18:29:30,506 - INFO - Starting episode 21
2025-01-05 18:29:30,590 - INFO - Opening sell order: Strategy=Breakout, Volume=0.10, Price=1.08775, TP=1.08760, SL=1.08790
2025-01-05 18:29:30,590 - ERROR - Error in episode 21: 'HistoricalTrader' object has no attribute '_update_model_memory'
2025-01-05 18:29:30,590 - INFO - Starting episode 22
2025-01-05 18:29:30,675 - INFO - Opening sell order: Strategy=Breakout, Volume=0.10, Price=1.08079, TP=1.08064, SL=1.08094
2025-01-05 18:29:30,675 - ERROR - Error in episode 22: 'HistoricalTrader' object has no attribute '_update_model_memory'
2025-01-05 18:29:30,675 - INFO - Starting episode 23
2025-01-05 18:29:30,764 - INFO - Opening sell order: Strategy=Breakout, Volume=0.10, Price=1.07296, TP=1.07281, SL=1.07311
2025-01-05 18:29:30,764 - ERROR - Error in episode 23: 'HistoricalTrader' object has no attribute '_update_model_memory'
2025-01-05 18:29:30,764 - INFO - Starting episode 24
2025-01-05 18:29:30,853 - INFO - Opening buy order: Strategy=Breakout, Volume=0.10, Price=1.07309, TP=1.07324, SL=1.07294
2025-01-05 18:29:30,854 - ERROR - Error in episode 24: 'HistoricalTrader' object has no attribute '_update_model_memory'
2025-01-05 18:29:30,854 - INFO - Starting episode 25
2025-01-05 18:29:30,950 - INFO - Opening buy order: Strategy=Breakout, Volume=0.10, Price=1.07357, TP=1.07372, SL=1.07342
2025-01-05 18:29:30,950 - ERROR - Error in episode 25: 'HistoricalTrader' object has no attribute '_update_model_memory'
2025-01-05 18:29:30,951 - INFO - Starting episode 26
2025-01-05 18:29:31,046 - INFO - Opening buy order: Strategy=Breakout, Volume=0.10, Price=1.07597, TP=1.07612, SL=1.07582
2025-01-05 18:29:31,046 - ERROR - Error in episode 26: 'HistoricalTrader' object has no attribute '_update_model_memory'
2025-01-05 18:29:31,046 - INFO - Starting episode 27
2025-01-05 18:29:31,148 - INFO - Opening buy order: Strategy=Breakout, Volume=0.10, Price=1.07779, TP=1.07794, SL=1.07764
2025-01-05 18:29:31,148 - ERROR - Error in episode 27: 'HistoricalTrader' object has no attribute '_update_model_memory'
2025-01-05 18:29:31,148 - INFO - Starting episode 28
2025-01-05 18:29:31,254 - INFO - Opening sell order: Strategy=Breakout, Volume=0.10, Price=1.07818, TP=1.07803, SL=1.07833
2025-01-05 18:29:31,254 - ERROR - Error in episode 28: 'HistoricalTrader' object has no attribute '_update_model_memory'
2025-01-05 18:29:31,254 - INFO - Starting episode 29
2025-01-05 18:29:31,362 - INFO - Opening sell order: Strategy=Breakout, Volume=0.10, Price=1.07945, TP=1.07930, SL=1.07960
2025-01-05 18:29:31,362 - ERROR - Error in episode 29: 'HistoricalTrader' object has no attribute '_update_model_memory'
2025-01-05 18:29:31,362 - INFO - Starting episode 30
2025-01-05 18:29:31,473 - INFO - Opening sell order: Strategy=Breakout, Volume=0.10, Price=1.07742, TP=1.07727, SL=1.07757
2025-01-05 18:29:31,473 - ERROR - Error in episode 30: 'HistoricalTrader' object has no attribute '_update_model_memory'
2025-01-05 18:29:31,474 - INFO - Starting episode 31
2025-01-05 18:29:31,588 - INFO - Opening sell order: Strategy=Breakout, Volume=0.10, Price=1.07488, TP=1.07473, SL=1.07503
2025-01-05 18:29:31,588 - ERROR - Error in episode 31: 'HistoricalTrader' object has no attribute '_update_model_memory'
2025-01-05 18:29:31,588 - INFO - Starting episode 32
2025-01-05 18:29:31,708 - INFO - Opening buy order: Strategy=Breakout, Volume=0.10, Price=1.07210, TP=1.07225, SL=1.07195
2025-01-05 18:29:31,708 - ERROR - Error in episode 32: 'HistoricalTrader' object has no attribute '_update_model_memory'
2025-01-05 18:29:31,708 - INFO - Starting episode 33
2025-01-05 18:29:31,834 - INFO - Opening sell order: Strategy=Breakout, Volume=0.10, Price=1.07069, TP=1.07054, SL=1.07084
2025-01-05 18:29:31,834 - ERROR - Error in episode 33: 'HistoricalTrader' object has no attribute '_update_model_memory'
2025-01-05 18:29:31,834 - INFO - Starting episode 34
2025-01-05 18:29:31,962 - INFO - Opening sell order: Strategy=Breakout, Volume=0.10, Price=1.06415, TP=1.06400, SL=1.06430
2025-01-05 18:29:31,962 - ERROR - Error in episode 34: 'HistoricalTrader' object has no attribute '_update_model_memory'
2025-01-05 18:29:31,962 - INFO - Starting episode 35
2025-01-05 18:29:32,091 - INFO - Opening sell order: Strategy=Breakout, Volume=0.10, Price=1.06508, TP=1.06493, SL=1.06523
2025-01-05 18:29:32,092 - ERROR - Error in episode 35: 'HistoricalTrader' object has no attribute '_update_model_memory'
2025-01-05 18:29:32,092 - INFO - Starting episode 36
2025-01-05 18:29:32,236 - INFO - Opening sell order: Strategy=Breakout, Volume=0.10, Price=1.06089, TP=1.06074, SL=1.06104
2025-01-05 18:29:32,236 - ERROR - Error in episode 36: 'HistoricalTrader' object has no attribute '_update_model_memory'
2025-01-05 18:29:32,236 - INFO - Starting episode 37
2025-01-05 18:29:32,389 - INFO - Opening sell order: Strategy=Breakout, Volume=0.10, Price=1.05587, TP=1.05572, SL=1.05602
2025-01-05 18:29:32,389 - ERROR - Error in episode 37: 'HistoricalTrader' object has no attribute '_update_model_memory'
2025-01-05 18:29:32,389 - INFO - Starting episode 38
2025-01-05 18:29:32,565 - INFO - Opening sell order: Strategy=Breakout, Volume=0.10, Price=1.05484, TP=1.05469, SL=1.05499
2025-01-05 18:29:32,565 - ERROR - Error in episode 38: 'HistoricalTrader' object has no attribute '_update_model_memory'
2025-01-05 18:29:32,565 - INFO - Starting episode 39
2025-01-05 18:29:32,772 - INFO - Opening sell order: Strategy=Breakout, Volume=0.10, Price=1.05365, TP=1.05350, SL=1.05380
2025-01-05 18:29:32,772 - ERROR - Error in episode 39: 'HistoricalTrader' object has no attribute '_update_model_memory'
2025-01-05 18:29:32,772 - INFO - Starting episode 40
2025-01-05 18:29:32,935 - INFO - Opening sell order: Strategy=Breakout, Volume=0.10, Price=1.05153, TP=1.05138, SL=1.05168
2025-01-05 18:29:32,935 - ERROR - Error in episode 40: 'HistoricalTrader' object has no attribute '_update_model_memory'
2025-01-05 18:29:32,935 - INFO - Starting episode 41
2025-01-05 18:29:33,099 - INFO - Opening buy order: Strategy=Breakout, Volume=0.10, Price=1.05403, TP=1.05418, SL=1.05388
2025-01-05 18:29:33,099 - ERROR - Error in episode 41: 'HistoricalTrader' object has no attribute '_update_model_memory'
2025-01-05 18:29:33,099 - INFO - Starting episode 42
2025-01-05 18:29:33,268 - INFO - Opening buy order: Strategy=Breakout, Volume=0.10, Price=1.05456, TP=1.05471, SL=1.05441
2025-01-05 18:29:33,268 - ERROR - Error in episode 42: 'HistoricalTrader' object has no attribute '_update_model_memory'
2025-01-05 18:29:33,268 - INFO - Starting episode 43
2025-01-05 18:29:33,440 - INFO - Opening buy order: Strategy=Breakout, Volume=0.10, Price=1.05819, TP=1.05834, SL=1.05804
2025-01-05 18:29:33,440 - ERROR - Error in episode 43: 'HistoricalTrader' object has no attribute '_update_model_memory'
2025-01-05 18:29:33,440 - INFO - Starting episode 44
2025-01-05 18:29:33,612 - INFO - Opening sell order: Strategy=Breakout, Volume=0.10, Price=1.05317, TP=1.05302, SL=1.05332
2025-01-05 18:29:33,612 - ERROR - Error in episode 44: 'HistoricalTrader' object has no attribute '_update_model_memory'
2025-01-05 18:29:33,612 - INFO - Starting episode 45
2025-01-05 18:29:33,787 - INFO - Opening buy order: Strategy=Breakout, Volume=0.10, Price=1.05447, TP=1.05462, SL=1.05432
2025-01-05 18:29:33,788 - ERROR - Error in episode 45: 'HistoricalTrader' object has no attribute '_update_model_memory'
2025-01-05 18:29:33,788 - INFO - Starting episode 46
2025-01-05 18:29:33,966 - INFO - Opening buy order: Strategy=Breakout, Volume=0.10, Price=1.05669, TP=1.05684, SL=1.05654
2025-01-05 18:29:33,966 - ERROR - Error in episode 46: 'HistoricalTrader' object has no attribute '_update_model_memory'
2025-01-05 18:29:33,966 - INFO - Starting episode 47
2025-01-05 18:29:34,153 - INFO - Opening sell order: Strategy=Breakout, Volume=0.10, Price=1.05880, TP=1.05865, SL=1.05895
2025-01-05 18:29:34,153 - ERROR - Error in episode 47: 'HistoricalTrader' object has no attribute '_update_model_memory'
2025-01-05 18:29:34,153 - INFO - Starting episode 48
2025-01-05 18:29:34,343 - INFO - Opening sell order: Strategy=Breakout, Volume=0.10, Price=1.05334, TP=1.05319, SL=1.05349
2025-01-05 18:29:34,343 - ERROR - Error in episode 48: 'HistoricalTrader' object has no attribute '_update_model_memory'
2025-01-05 18:29:34,343 - INFO - Starting episode 49
2025-01-05 18:29:34,547 - INFO - Opening buy order: Strategy=Breakout, Volume=0.10, Price=1.05897, TP=1.05912, SL=1.05882
2025-01-05 18:29:34,547 - ERROR - Error in episode 49: 'HistoricalTrader' object has no attribute '_update_model_memory'
2025-01-05 18:29:34,547 - INFO - Starting episode 50
2025-01-05 18:29:34,743 - INFO - Opening buy order: Strategy=Breakout, Volume=0.10, Price=1.06038, TP=1.06053, SL=1.06023
2025-01-05 18:29:34,743 - ERROR - Error in episode 50: 'HistoricalTrader' object has no attribute '_update_model_memory'
2025-01-05 18:29:34,743 - INFO - Starting episode 51
2025-01-05 18:29:34,948 - INFO - Opening sell order: Strategy=Breakout, Volume=0.10, Price=1.05829, TP=1.05814, SL=1.05844
2025-01-05 18:29:34,948 - ERROR - Error in episode 51: 'HistoricalTrader' object has no attribute '_update_model_memory'
2025-01-05 18:29:34,948 - INFO - Starting episode 52
2025-01-05 18:29:35,145 - INFO - Opening sell order: Strategy=Breakout, Volume=0.10, Price=1.05684, TP=1.05669, SL=1.05699
2025-01-05 18:29:35,145 - ERROR - Error in episode 52: 'HistoricalTrader' object has no attribute '_update_model_memory'
2025-01-05 18:29:35,145 - INFO - Starting episode 53
2025-01-05 18:29:35,353 - INFO - Opening buy order: Strategy=Breakout, Volume=0.10, Price=1.05485, TP=1.05500, SL=1.05470
2025-01-05 18:29:35,353 - ERROR - Error in episode 53: 'HistoricalTrader' object has no attribute '_update_model_memory'
2025-01-05 18:29:35,353 - INFO - Starting episode 54
2025-01-05 18:29:35,563 - INFO - Opening buy order: Strategy=Breakout, Volume=0.10, Price=1.05340, TP=1.05355, SL=1.05325
2025-01-05 18:29:35,563 - ERROR - Error in episode 54: 'HistoricalTrader' object has no attribute '_update_model_memory'
2025-01-05 18:29:35,563 - INFO - Starting episode 55
2025-01-05 18:29:35,793 - INFO - Opening sell order: Strategy=Breakout, Volume=0.10, Price=1.05025, TP=1.05010, SL=1.05040
2025-01-05 18:29:35,793 - ERROR - Error in episode 55: 'HistoricalTrader' object has no attribute '_update_model_memory'
2025-01-05 18:29:35,793 - INFO - Starting episode 56
2025-01-05 18:29:36,078 - INFO - Opening buy order: Strategy=Breakout, Volume=0.10, Price=1.04783, TP=1.04798, SL=1.04768
2025-01-05 18:29:36,079 - ERROR - Error in episode 56: 'HistoricalTrader' object has no attribute '_update_model_memory'
2025-01-05 18:29:36,079 - INFO - Starting episode 57
2025-01-05 18:29:36,320 - INFO - Opening sell order: Strategy=Breakout, Volume=0.10, Price=1.04167, TP=1.04152, SL=1.04182
2025-01-05 18:29:36,320 - ERROR - Error in episode 57: 'HistoricalTrader' object has no attribute '_update_model_memory'
2025-01-05 18:29:36,320 - INFO - Starting episode 58
2025-01-05 18:29:36,559 - INFO - Opening sell order: Strategy=Breakout, Volume=0.10, Price=1.04034, TP=1.04019, SL=1.04049
2025-01-05 18:29:36,559 - ERROR - Error in episode 58: 'HistoricalTrader' object has no attribute '_update_model_memory'
2025-01-05 18:29:36,559 - INFO - Starting episode 59
2025-01-05 18:29:36,794 - INFO - Opening buy order: Strategy=Breakout, Volume=0.10, Price=1.04880, TP=1.04895, SL=1.04865
2025-01-05 18:29:36,794 - ERROR - Error in episode 59: 'HistoricalTrader' object has no attribute '_update_model_memory'
2025-01-05 18:29:36,794 - INFO - Starting episode 60
2025-01-05 18:29:37,028 - INFO - Opening buy order: Strategy=Breakout, Volume=0.10, Price=1.04861, TP=1.04876, SL=1.04846
2025-01-05 18:29:37,028 - ERROR - Error in episode 60: 'HistoricalTrader' object has no attribute '_update_model_memory'
2025-01-05 18:29:37,028 - INFO - Starting episode 61
2025-01-05 18:29:37,260 - INFO - Opening buy order: Strategy=Breakout, Volume=0.10, Price=1.04777, TP=1.04792, SL=1.04762
2025-01-05 18:29:37,260 - ERROR - Error in episode 61: 'HistoricalTrader' object has no attribute '_update_model_memory'
2025-01-05 18:29:37,260 - INFO - Starting episode 62
2025-01-05 18:29:37,504 - INFO - Opening buy order: Strategy=Breakout, Volume=0.10, Price=1.05198, TP=1.05213, SL=1.05183
2025-01-05 18:29:37,504 - ERROR - Error in episode 62: 'HistoricalTrader' object has no attribute '_update_model_memory'
2025-01-05 18:29:37,504 - INFO - Starting episode 63
2025-01-05 18:29:37,736 - INFO - Opening buy order: Strategy=Breakout, Volume=0.10, Price=1.04934, TP=1.04949, SL=1.04919
2025-01-05 18:29:37,736 - ERROR - Error in episode 63: 'HistoricalTrader' object has no attribute '_update_model_memory'
2025-01-05 18:29:37,736 - INFO - Starting episode 64
2025-01-05 18:29:37,963 - INFO - Opening sell order: Strategy=Breakout, Volume=0.10, Price=1.04520, TP=1.04505, SL=1.04535
2025-01-05 18:29:37,963 - ERROR - Error in episode 64: 'HistoricalTrader' object has no attribute '_update_model_memory'
2025-01-05 18:29:37,963 - INFO - Starting episode 65
2025-01-05 18:29:38,213 - INFO - Opening buy order: Strategy=Breakout, Volume=0.10, Price=1.05039, TP=1.05054, SL=1.05024
2025-01-05 18:29:38,213 - ERROR - Error in episode 65: 'HistoricalTrader' object has no attribute '_update_model_memory'
2025-01-05 18:29:38,213 - INFO - Starting episode 66
2025-01-05 18:29:38,463 - INFO - Opening buy order: Strategy=Breakout, Volume=0.10, Price=1.05344, TP=1.05359, SL=1.05329
2025-01-05 18:29:38,463 - ERROR - Error in episode 66: 'HistoricalTrader' object has no attribute '_update_model_memory'
2025-01-05 18:29:38,463 - INFO - Starting episode 67
2025-01-05 18:29:38,723 - INFO - Opening buy order: Strategy=Breakout, Volume=0.10, Price=1.04804, TP=1.04819, SL=1.04789
2025-01-05 18:29:38,723 - ERROR - Error in episode 67: 'HistoricalTrader' object has no attribute '_update_model_memory'
2025-01-05 18:29:38,723 - INFO - Starting episode 68
2025-01-05 18:29:38,978 - INFO - Opening buy order: Strategy=Breakout, Volume=0.10, Price=1.04834, TP=1.04849, SL=1.04819
2025-01-05 18:29:38,978 - ERROR - Error in episode 68: 'HistoricalTrader' object has no attribute '_update_model_memory'
2025-01-05 18:29:38,978 - INFO - Starting episode 69
2025-01-05 18:29:39,223 - INFO - Opening buy order: Strategy=Breakout, Volume=0.10, Price=1.05092, TP=1.05107, SL=1.05077
2025-01-05 18:29:39,223 - ERROR - Error in episode 69: 'HistoricalTrader' object has no attribute '_update_model_memory'
2025-01-05 18:29:39,223 - INFO - Starting episode 70
2025-01-05 18:29:39,483 - INFO - Opening buy order: Strategy=Breakout, Volume=0.10, Price=1.05699, TP=1.05714, SL=1.05684
2025-01-05 18:29:39,483 - ERROR - Error in episode 70: 'HistoricalTrader' object has no attribute '_update_model_memory'
2025-01-05 18:29:39,483 - INFO - Starting episode 71
