2024-12-21 17:26:06,075 - analysis.main - INFO - All analyzers initialized successfully
2024-12-21 17:26:11,385 - trading.broker - INFO - MT5 initialized successfully in demo mode
2024-12-21 17:26:11,385 - trading - INFO - All components initialized successfully
2024-12-21 17:26:11,386 - trading - INFO - Trading bot initialized successfully
2024-12-21 17:26:11,388 - trading - INFO - Starting model training
2024-12-21 17:26:11,468 - trading - INFO - Got training data, preprocessing...
2024-12-21 17:26:11,469 - trading - INFO - Historical data shape: (10000, 8)
2024-12-21 17:26:11,505 - trading - INFO - Processed historical data shape: (10000, 18)
2024-12-21 17:26:11,505 - trading - INFO - Processed market data shape: (10000, 5)
2024-12-21 17:26:11,506 - trading - INFO - Training models...
2024-12-21 17:26:22,573 - trading - INFO - 
=== Training Results ===
2024-12-21 17:26:22,574 - trading - INFO - Technical Model:
2024-12-21 17:26:22,578 - trading - INFO - - accuracy: 0.5987
2024-12-21 17:26:22,579 - trading - INFO - - precision: 0.6016
2024-12-21 17:26:22,580 - trading - INFO - - recall: 0.6481
2024-12-21 17:26:22,580 - trading - INFO - - f1: 0.6240
2024-12-21 17:26:22,580 - trading - INFO - Market Model:
2024-12-21 17:26:22,581 - trading - INFO - - r2_score: 0.2501
2024-12-21 17:26:22,581 - trading - INFO - - rmse: 0.0015
2024-12-21 17:26:22,581 - trading - INFO - - mae: 0.0010
2024-12-21 17:50:59,702 - analysis.main - INFO - All analyzers initialized successfully
2024-12-21 17:50:59,722 - trading.broker - INFO - MT5 initialized successfully in demo mode
2024-12-21 17:50:59,723 - trading - INFO - All components initialized successfully
2024-12-21 17:50:59,724 - trading - INFO - Trading bot initialized successfully
2024-12-21 17:50:59,725 - trading - INFO - Generating trading history...
2024-12-21 17:50:59,732 - trading - INFO - Trading history generated successfully
2024-12-21 17:50:59,732 - trading.broker - INFO - MT5 connection closed
2024-12-21 17:50:59,733 - trading - INFO - Cleanup completed successfully
2024-12-21 17:51:56,581 - analysis.main - INFO - All analyzers initialized successfully
2024-12-21 17:51:56,599 - trading.broker - INFO - MT5 initialized successfully in demo mode
2024-12-21 17:51:56,600 - trading - INFO - All components initialized successfully
2024-12-21 17:51:56,600 - trading - INFO - Trading bot initialized successfully
2024-12-21 17:51:56,601 - trading - ERROR - Error starting web server: 'frontend/build/static' does not exist
2024-12-21 17:51:56,602 - trading.broker - INFO - MT5 connection closed
2024-12-21 17:51:56,602 - trading - INFO - Cleanup completed successfully
2024-12-21 17:52:30,313 - analysis.main - INFO - All analyzers initialized successfully
2024-12-21 17:52:30,328 - trading.broker - INFO - MT5 initialized successfully in demo mode
2024-12-21 17:52:30,328 - trading - INFO - All components initialized successfully
2024-12-21 17:52:30,328 - trading - INFO - Trading bot initialized successfully
2024-12-21 17:52:30,328 - trading - ERROR - Error starting web server: 'frontend/build/static' does not exist
2024-12-21 17:52:30,328 - trading.broker - INFO - MT5 connection closed
2024-12-21 17:52:30,330 - trading - INFO - Cleanup completed successfully
2024-12-21 18:11:46,966 - analysis.main - INFO - All analyzers initialized successfully
2024-12-21 18:11:46,985 - trading.broker - INFO - MT5 initialized successfully in demo mode
2024-12-21 18:11:46,986 - trading - INFO - All components initialized successfully
2024-12-21 18:11:46,986 - trading - INFO - Trading bot initialized successfully
2024-12-21 18:11:46,987 - trading - INFO - Starting web server at http://localhost:8080
2024-12-21 18:12:21,184 - trading.broker - INFO - MT5 connection closed
2024-12-21 18:12:21,185 - trading - INFO - Cleanup completed successfully
2024-12-21 18:12:26,082 - analysis.main - INFO - All analyzers initialized successfully
2024-12-21 18:12:26,105 - trading.broker - INFO - MT5 initialized successfully in demo mode
2024-12-21 18:12:26,106 - trading - INFO - All components initialized successfully
2024-12-21 18:12:26,107 - trading - INFO - Trading bot initialized successfully
2024-12-21 18:12:26,108 - trading - INFO - Generating trading history...
2024-12-21 18:12:26,122 - trading - INFO - Trading history generated successfully
2024-12-21 18:12:26,123 - trading.broker - INFO - MT5 connection closed
2024-12-21 18:12:26,123 - trading - INFO - Cleanup completed successfully
2024-12-21 18:12:34,220 - analysis.main - INFO - All analyzers initialized successfully
2024-12-21 18:12:34,241 - trading.broker - INFO - MT5 initialized successfully in demo mode
2024-12-21 18:12:34,241 - trading - INFO - All components initialized successfully
2024-12-21 18:12:34,242 - trading - INFO - Trading bot initialized successfully
2024-12-21 18:12:34,242 - trading - INFO - Starting web server at http://localhost:8080
2024-12-21 18:14:23,777 - trading.broker - INFO - MT5 connection closed
2024-12-21 18:14:23,778 - trading - INFO - Cleanup completed successfully
2024-12-21 18:14:28,402 - analysis.main - INFO - All analyzers initialized successfully
2024-12-21 18:14:28,426 - trading.broker - INFO - MT5 initialized successfully in demo mode
2024-12-21 18:14:28,427 - trading - INFO - All components initialized successfully
2024-12-21 18:14:28,427 - trading - INFO - Trading bot initialized successfully
2024-12-21 18:14:28,428 - trading - INFO - Generating trading history...
2024-12-21 18:14:28,435 - trading - INFO - Trading history generated successfully
2024-12-21 18:14:28,435 - trading.broker - INFO - MT5 connection closed
2024-12-21 18:14:28,436 - trading - INFO - Cleanup completed successfully
2024-12-21 18:14:35,707 - analysis.main - INFO - All analyzers initialized successfully
2024-12-21 18:14:35,732 - trading.broker - INFO - MT5 initialized successfully in demo mode
2024-12-21 18:14:35,732 - trading - INFO - All components initialized successfully
2024-12-21 18:14:35,733 - trading - INFO - Trading bot initialized successfully
2024-12-21 18:14:35,735 - trading - INFO - Starting web server at http://localhost:8080
2024-12-21 18:14:39,300 - trading - INFO - Generating trading history...
2024-12-21 18:14:39,310 - trading - INFO - Trading history generated successfully
2024-12-21 18:14:49,766 - trading - INFO - Generating trading history...
2024-12-21 18:14:49,773 - trading - INFO - Trading history generated successfully
2024-12-21 18:16:24,864 - trading - INFO - Generating trading history...
2024-12-21 18:16:24,873 - trading - INFO - Trading history generated successfully
2024-12-21 18:16:27,023 - trading - INFO - Generating trading history...
2024-12-21 18:16:27,028 - trading - INFO - Trading history generated successfully
2024-12-21 18:16:30,785 - trading.broker - INFO - MT5 connection closed
2024-12-21 18:16:30,785 - trading - INFO - Cleanup completed successfully
2024-12-21 18:16:35,476 - analysis.main - INFO - All analyzers initialized successfully
2024-12-21 18:16:35,495 - trading.broker - INFO - MT5 initialized successfully in demo mode
2024-12-21 18:16:35,496 - trading - INFO - All components initialized successfully
2024-12-21 18:16:35,496 - trading - INFO - Trading bot initialized successfully
2024-12-21 18:16:35,497 - trading - INFO - Generating trading history...
2024-12-21 18:16:35,507 - trading - INFO - Trading history generated successfully
2024-12-21 18:16:35,507 - trading.broker - INFO - MT5 connection closed
2024-12-21 18:16:35,508 - trading - INFO - Cleanup completed successfully
2024-12-21 18:16:40,854 - analysis.main - INFO - All analyzers initialized successfully
2024-12-21 18:16:40,875 - trading.broker - INFO - MT5 initialized successfully in demo mode
2024-12-21 18:16:40,876 - trading - INFO - All components initialized successfully
2024-12-21 18:16:40,876 - trading - INFO - Trading bot initialized successfully
2024-12-21 18:16:40,877 - trading - INFO - Starting web server at http://localhost:8080
2024-12-21 18:16:49,871 - trading - INFO - Generating trading history...
2024-12-21 18:16:49,879 - trading - INFO - Trading history generated successfully
2024-12-21 18:16:49,879 - trading - ERROR - Error serving trading history: [Errno 2] No such file or directory: 'data/history/trading_history.json'
2024-12-21 18:17:12,457 - trading.broker - INFO - MT5 connection closed
2024-12-21 18:17:12,458 - trading - INFO - Cleanup completed successfully
2024-12-21 18:17:41,387 - analysis.main - INFO - All analyzers initialized successfully
2024-12-21 18:17:41,408 - trading.broker - INFO - MT5 initialized successfully in demo mode
2024-12-21 18:17:41,409 - trading - INFO - All components initialized successfully
2024-12-21 18:17:41,409 - trading - INFO - Trading bot initialized successfully
2024-12-21 18:17:41,410 - trading - INFO - Generating trading history...
2024-12-21 18:17:41,416 - trading - INFO - Trading history generated successfully
2024-12-21 18:17:41,416 - trading.broker - INFO - MT5 connection closed
2024-12-21 18:17:41,417 - trading - INFO - Cleanup completed successfully
2024-12-21 18:17:46,429 - analysis.main - INFO - All analyzers initialized successfully
2024-12-21 18:17:46,449 - trading.broker - INFO - MT5 initialized successfully in demo mode
2024-12-21 18:17:46,451 - trading - INFO - All components initialized successfully
2024-12-21 18:17:46,451 - trading - INFO - Trading bot initialized successfully
2024-12-21 18:17:46,452 - trading - INFO - Starting web server at http://localhost:8080
2024-12-21 18:17:49,068 - trading - INFO - Generating trading history...
2024-12-21 18:17:49,080 - trading - INFO - Trading history generated successfully
2024-12-21 18:17:49,081 - trading - ERROR - Error serving trading history: [Errno 2] No such file or directory: 'data/history/trading_history.json'
2024-12-21 18:19:17,126 - trading.broker - INFO - MT5 connection closed
2024-12-21 18:19:17,126 - trading - INFO - Cleanup completed successfully
2024-12-21 18:21:59,752 - analysis.main - INFO - All analyzers initialized successfully
2024-12-21 18:21:59,772 - trading.broker - INFO - MT5 initialized successfully in demo mode
2024-12-21 18:21:59,773 - trading - INFO - All components initialized successfully
2024-12-21 18:21:59,773 - trading - INFO - Trading bot initialized successfully
2024-12-21 18:21:59,775 - trading - INFO - Generating trading history...
2024-12-21 18:21:59,790 - trading - INFO - Trading history generated successfully
2024-12-21 18:21:59,790 - trading.broker - INFO - MT5 connection closed
2024-12-21 18:21:59,791 - trading - INFO - Cleanup completed successfully
2024-12-21 18:22:07,226 - analysis.main - INFO - All analyzers initialized successfully
2024-12-21 18:22:07,250 - trading.broker - INFO - MT5 initialized successfully in demo mode
2024-12-21 18:22:07,250 - trading - INFO - All components initialized successfully
2024-12-21 18:22:07,250 - trading - INFO - Trading bot initialized successfully
2024-12-21 18:22:07,251 - trading - INFO - Starting web server at http://localhost:8080
2024-12-21 18:29:18,174 - trading.broker - INFO - MT5 connection closed
2024-12-21 18:29:18,174 - trading - INFO - Cleanup completed successfully
2024-12-21 18:29:24,902 - analysis.main - INFO - All analyzers initialized successfully
2024-12-21 18:29:24,921 - trading.broker - INFO - MT5 initialized successfully in demo mode
2024-12-21 18:29:24,921 - trading - INFO - All components initialized successfully
2024-12-21 18:29:24,922 - trading - INFO - Trading bot initialized successfully
2024-12-21 18:29:24,922 - trading - INFO - Generating trading history...
2024-12-21 18:29:24,936 - trading - INFO - Trading history generated successfully
2024-12-21 18:29:24,937 - trading.broker - INFO - MT5 connection closed
2024-12-21 18:29:24,937 - trading - INFO - Cleanup completed successfully
2024-12-21 18:29:32,391 - analysis.main - INFO - All analyzers initialized successfully
2024-12-21 18:29:32,413 - trading.broker - INFO - MT5 initialized successfully in demo mode
2024-12-21 18:29:32,414 - trading - INFO - All components initialized successfully
2024-12-21 18:29:32,414 - trading - INFO - Trading bot initialized successfully
2024-12-21 18:29:32,415 - trading - INFO - Starting web server at http://localhost:8080
2024-12-21 18:31:20,060 - trading.broker - INFO - MT5 connection closed
2024-12-21 18:31:20,061 - trading - INFO - Cleanup completed successfully
2024-12-21 18:31:24,977 - analysis.main - INFO - All analyzers initialized successfully
2024-12-21 18:31:24,998 - trading.broker - INFO - MT5 initialized successfully in demo mode
2024-12-21 18:31:24,998 - trading - INFO - All components initialized successfully
2024-12-21 18:31:24,998 - trading - INFO - Trading bot initialized successfully
2024-12-21 18:31:24,999 - trading - INFO - Generating trading history...
2024-12-21 18:31:25,012 - trading - INFO - Trading history generated successfully
2024-12-21 18:31:25,015 - trading.broker - INFO - MT5 connection closed
2024-12-21 18:31:25,015 - trading - INFO - Cleanup completed successfully
2024-12-21 18:31:31,829 - analysis.main - INFO - All analyzers initialized successfully
2024-12-21 18:31:31,854 - trading.broker - INFO - MT5 initialized successfully in demo mode
2024-12-21 18:31:31,855 - trading - INFO - All components initialized successfully
2024-12-21 18:31:31,855 - trading - INFO - Trading bot initialized successfully
2024-12-21 18:31:31,856 - trading - INFO - Starting web server at http://localhost:8080
2024-12-21 18:32:35,164 - trading.broker - INFO - MT5 connection closed
2024-12-21 18:32:35,164 - trading - INFO - Cleanup completed successfully
2024-12-21 18:32:43,168 - analysis.main - INFO - All analyzers initialized successfully
2024-12-21 18:32:43,187 - trading.broker - INFO - MT5 initialized successfully in demo mode
2024-12-21 18:32:43,187 - trading - INFO - All components initialized successfully
2024-12-21 18:32:43,187 - trading - INFO - Trading bot initialized successfully
2024-12-21 18:32:43,188 - trading - INFO - Generating trading history...
2024-12-21 18:32:43,203 - trading - INFO - Trading history generated successfully
2024-12-21 18:32:43,203 - trading.broker - INFO - MT5 connection closed
2024-12-21 18:32:43,203 - trading - INFO - Cleanup completed successfully
2024-12-21 18:32:49,261 - analysis.main - INFO - All analyzers initialized successfully
2024-12-21 18:32:49,280 - trading.broker - INFO - MT5 initialized successfully in demo mode
2024-12-21 18:32:49,281 - trading - INFO - All components initialized successfully
2024-12-21 18:32:49,281 - trading - INFO - Trading bot initialized successfully
2024-12-21 18:32:49,282 - trading - INFO - Starting web server at http://localhost:8080
2024-12-21 18:34:11,071 - trading.broker - INFO - MT5 connection closed
2024-12-21 18:34:11,072 - trading - INFO - Cleanup completed successfully
2024-12-21 18:34:16,735 - analysis.main - INFO - All analyzers initialized successfully
2024-12-21 18:34:16,755 - trading.broker - INFO - MT5 initialized successfully in demo mode
2024-12-21 18:34:16,755 - trading - INFO - All components initialized successfully
2024-12-21 18:34:16,755 - trading - INFO - Trading bot initialized successfully
2024-12-21 18:34:16,757 - trading - INFO - Generating trading history...
2024-12-21 18:34:16,908 - trading - INFO - Trading history generated successfully
2024-12-21 18:34:16,909 - trading.broker - INFO - MT5 connection closed
2024-12-21 18:34:16,909 - trading - INFO - Cleanup completed successfully
2024-12-21 18:34:27,869 - analysis.main - INFO - All analyzers initialized successfully
2024-12-21 18:34:27,888 - trading.broker - INFO - MT5 initialized successfully in demo mode
2024-12-21 18:34:27,888 - trading - INFO - All components initialized successfully
2024-12-21 18:34:27,889 - trading - INFO - Trading bot initialized successfully
2024-12-21 18:34:27,891 - trading - INFO - Starting web server at http://localhost:8080
2024-12-21 18:35:13,977 - trading.broker - INFO - MT5 connection closed
2024-12-21 18:35:13,978 - trading - INFO - Cleanup completed successfully
2024-12-21 18:35:19,684 - analysis.main - INFO - All analyzers initialized successfully
2024-12-21 18:35:19,709 - trading.broker - INFO - MT5 initialized successfully in demo mode
2024-12-21 18:35:19,710 - trading - INFO - All components initialized successfully
2024-12-21 18:35:19,710 - trading - INFO - Trading bot initialized successfully
2024-12-21 18:35:19,710 - trading - INFO - Generating trading history...
2024-12-21 18:35:19,847 - trading - INFO - Trading history generated successfully
2024-12-21 18:35:19,849 - trading.broker - INFO - MT5 connection closed
2024-12-21 18:35:19,849 - trading - INFO - Cleanup completed successfully
2024-12-21 18:35:27,202 - analysis.main - INFO - All analyzers initialized successfully
2024-12-21 18:35:27,224 - trading.broker - INFO - MT5 initialized successfully in demo mode
2024-12-21 18:35:27,225 - trading - INFO - All components initialized successfully
2024-12-21 18:35:27,225 - trading - INFO - Trading bot initialized successfully
2024-12-21 18:35:27,225 - trading - INFO - Starting web server at http://localhost:8080
2024-12-21 18:35:40,301 - trading.broker - INFO - MT5 connection closed
2024-12-21 18:35:40,302 - trading - INFO - Cleanup completed successfully
2024-12-21 18:35:52,088 - analysis.main - INFO - All analyzers initialized successfully
2024-12-21 18:35:52,108 - trading.broker - INFO - MT5 initialized successfully in demo mode
2024-12-21 18:35:52,109 - trading - INFO - All components initialized successfully
2024-12-21 18:35:52,109 - trading - INFO - Trading bot initialized successfully
2024-12-21 18:35:52,109 - trading - INFO - Generating trading history...
2024-12-21 18:35:52,241 - trading - INFO - Trading history generated successfully
2024-12-21 18:35:52,242 - trading.broker - INFO - MT5 connection closed
2024-12-21 18:35:52,243 - trading - INFO - Cleanup completed successfully
2024-12-21 18:35:58,088 - analysis.main - INFO - All analyzers initialized successfully
2024-12-21 18:35:58,109 - trading.broker - INFO - MT5 initialized successfully in demo mode
2024-12-21 18:35:58,109 - trading - INFO - All components initialized successfully
2024-12-21 18:35:58,110 - trading - INFO - Trading bot initialized successfully
2024-12-21 18:35:58,110 - trading - INFO - Generating trading history...
2024-12-21 18:35:58,233 - trading - INFO - Trading history generated successfully
2024-12-21 18:35:58,234 - trading.broker - INFO - MT5 connection closed
2024-12-21 18:35:58,235 - trading - INFO - Cleanup completed successfully
2024-12-21 18:36:03,258 - analysis.main - INFO - All analyzers initialized successfully
2024-12-21 18:36:03,276 - trading.broker - INFO - MT5 initialized successfully in demo mode
2024-12-21 18:36:03,276 - trading - INFO - All components initialized successfully
2024-12-21 18:36:03,276 - trading - INFO - Trading bot initialized successfully
2024-12-21 18:36:03,276 - trading - INFO - Generating trading history...
2024-12-21 18:36:03,406 - trading - INFO - Trading history generated successfully
2024-12-21 18:36:03,408 - trading.broker - INFO - MT5 connection closed
2024-12-21 18:36:03,408 - trading - INFO - Cleanup completed successfully
2024-12-21 18:36:07,645 - analysis.main - INFO - All analyzers initialized successfully
2024-12-21 18:36:07,667 - trading.broker - INFO - MT5 initialized successfully in demo mode
2024-12-21 18:36:07,667 - trading - INFO - All components initialized successfully
2024-12-21 18:36:07,667 - trading - INFO - Trading bot initialized successfully
2024-12-21 18:36:07,668 - trading - INFO - Generating trading history...
2024-12-21 18:36:07,794 - trading - INFO - Trading history generated successfully
2024-12-21 18:36:07,795 - trading.broker - INFO - MT5 connection closed
2024-12-21 18:36:07,795 - trading - INFO - Cleanup completed successfully
2024-12-21 18:39:39,652 - analysis.main - INFO - All analyzers initialized successfully
2024-12-21 18:39:39,677 - trading.broker - INFO - MT5 initialized successfully in demo mode
2024-12-21 18:39:39,678 - trading - INFO - All components initialized successfully
2024-12-21 18:39:39,679 - trading - INFO - Trading bot initialized successfully
2024-12-21 18:39:39,680 - trading - INFO - Starting model training
2024-12-21 18:39:39,742 - trading.broker - INFO - MT5 connection closed
2024-12-21 18:39:39,743 - trading - INFO - Cleanup completed successfully
2024-12-21 18:39:57,598 - analysis.main - INFO - All analyzers initialized successfully
2024-12-21 18:39:57,619 - trading.broker - INFO - MT5 initialized successfully in demo mode
2024-12-21 18:39:57,620 - trading - INFO - All components initialized successfully
2024-12-21 18:39:57,620 - trading - INFO - Trading bot initialized successfully
2024-12-21 18:39:57,621 - trading - INFO - Starting model training
2024-12-21 18:39:57,671 - trading.broker - INFO - MT5 connection closed
2024-12-21 18:39:57,671 - trading - INFO - Cleanup completed successfully
2024-12-21 18:40:02,599 - analysis.main - INFO - All analyzers initialized successfully
2024-12-21 18:40:02,619 - trading.broker - INFO - MT5 initialized successfully in demo mode
2024-12-21 18:40:02,620 - trading - INFO - All components initialized successfully
2024-12-21 18:40:02,620 - trading - INFO - Trading bot initialized successfully
2024-12-21 18:40:02,620 - trading - INFO - Generating trading history using AI model...
2024-12-21 18:40:02,669 - trading - ERROR - Error generating history: Failed to prepare training data
2024-12-21 18:40:02,670 - trading.broker - INFO - MT5 connection closed
2024-12-21 18:40:02,670 - trading - INFO - Cleanup completed successfully
2024-12-21 18:43:21,852 - analysis.main - INFO - All analyzers initialized successfully
2024-12-21 18:43:21,868 - trading.broker - INFO - MT5 initialized successfully in demo mode
2024-12-21 18:43:21,869 - trading - INFO - All components initialized successfully
2024-12-21 18:43:21,870 - trading - INFO - Trading bot initialized successfully
2024-12-21 18:43:21,871 - trading - INFO - Generating trading history...
2024-12-21 18:43:21,907 - trading - ERROR - Error generating history: 'TechnicalModel' object has no attribute 'predict'
2024-12-21 18:43:21,908 - trading.broker - INFO - MT5 connection closed
2024-12-21 18:43:21,909 - trading - INFO - Cleanup completed successfully
2024-12-21 18:43:36,049 - analysis.main - INFO - All analyzers initialized successfully
2024-12-21 18:43:36,067 - trading.broker - INFO - MT5 initialized successfully in demo mode
2024-12-21 18:43:36,067 - trading - INFO - All components initialized successfully
2024-12-21 18:43:36,068 - trading - INFO - Trading bot initialized successfully
2024-12-21 18:43:36,070 - trading - INFO - Starting model training
2024-12-21 18:43:36,116 - trading.broker - INFO - MT5 connection closed
2024-12-21 18:43:36,117 - trading - INFO - Cleanup completed successfully
2024-12-21 18:43:40,531 - analysis.main - INFO - All analyzers initialized successfully
2024-12-21 18:43:40,552 - trading.broker - INFO - MT5 initialized successfully in demo mode
2024-12-21 18:43:40,552 - trading - INFO - All components initialized successfully
2024-12-21 18:43:40,553 - trading - INFO - Trading bot initialized successfully
2024-12-21 18:43:40,553 - trading - INFO - Generating trading history...
2024-12-21 18:43:40,588 - trading - ERROR - Error generating history: 'TechnicalModel' object has no attribute 'predict'
2024-12-21 18:43:40,589 - trading.broker - INFO - MT5 connection closed
2024-12-21 18:43:40,589 - trading - INFO - Cleanup completed successfully
2024-12-21 18:44:48,032 - trading - ERROR - Component initialization error: name 'logging' is not defined
2024-12-21 18:44:48,032 - trading - ERROR - Initialization error: name 'logging' is not defined
2024-12-21 18:44:53,784 - trading - ERROR - Component initialization error: name 'logging' is not defined
2024-12-21 18:44:53,785 - trading - ERROR - Initialization error: name 'logging' is not defined
2024-12-21 18:45:54,475 - analysis.main - INFO - All analyzers initialized successfully
2024-12-21 18:45:54,494 - trading.broker - INFO - MT5 initialized successfully in demo mode
2024-12-21 18:45:54,495 - trading - INFO - All components initialized successfully
2024-12-21 18:45:54,495 - trading - INFO - Trading bot initialized successfully
2024-12-21 18:45:54,496 - trading - INFO - Starting model training
2024-12-21 18:45:54,540 - trading.broker - INFO - MT5 connection closed
2024-12-21 18:45:54,541 - trading - INFO - Cleanup completed successfully
2024-12-21 18:45:59,098 - analysis.main - INFO - All analyzers initialized successfully
2024-12-21 18:45:59,118 - trading.broker - INFO - MT5 initialized successfully in demo mode
2024-12-21 18:45:59,118 - trading - INFO - All components initialized successfully
2024-12-21 18:45:59,119 - trading - INFO - Trading bot initialized successfully
2024-12-21 18:45:59,119 - trading - INFO - Generating trading history...
2024-12-21 18:45:59,157 - trading - ERROR - Error generating history: Failed to prepare training data
2024-12-21 18:45:59,159 - trading.broker - INFO - MT5 connection closed
2024-12-21 18:45:59,161 - trading - INFO - Cleanup completed successfully
